[2025-09-30 11:30:22,561][root][INFO] - {"dataset": "MNIST", "start_execution_time": "2025-09-30 11:30:22", "client_id": 2, "num_clients": 3, "partition": "dirichlet:0.1", "seed": 42}
[2025-09-30 11:30:22,623][__main__][INFO] - data loaded
[2025-09-30 11:30:22,640][__main__][INFO] - Latest Local Model download
[2025-09-30 11:30:22,641][root][INFO] - downloaded local_model_name: MNISTClassifier_local_model_V1.pth
[2025-09-30 11:30:22,651][root][INFO] - init model_type: Pytorch
[2025-09-30 11:33:44,817][root][INFO] - bulid model
[2025-09-30 11:33:44,817][root][INFO] - FL start
[2025-09-30 11:33:44,825][client_api][INFO] - FL_server_IP:port - ccl.gachon.ac.kr:40032
[2025-09-30 11:33:44,826][root][INFO] - FL learning ready
[2025-09-30 11:33:44,826][root][INFO] - fl_task_id: cluster2
[2025-09-30 11:33:44,826][root][INFO] - dataset: MNIST
[2025-09-30 11:33:44,826][root][INFO] - output_size: 10
[2025-09-30 11:33:44,826][root][INFO] - validation_split: 0.2
[2025-09-30 11:33:44,826][root][INFO] - model_type: Pytorch
[2025-09-30 11:33:44,826][root][INFO] - wandb_key: 38f6cf3c2c37660d42ebfe8ab434b72d34be3b31
[2025-09-30 11:33:44,827][root][INFO] - wandb_account: rirakang@gachon.ac.kr
[2025-09-30 11:33:46,465][flwr][WARNING] - DEPRECATED FEATURE: flwr.client.start_numpy_client() is deprecated. 
	Instead, use `flwr.client.start_client()` by ensuring you first call the `.to_client()` method as shown below: 
	flwr.client.start_client(
		server_address='<IP>:<PORT>',
		client=FlowerClient().to_client(), # <-- where FlowerClient is of type flwr.client.NumPyClient object
	)
	Using `start_numpy_client()` is deprecated.

            This is a deprecated feature. It will be removed
            entirely in future versions of Flower.
        
[2025-09-30 11:33:46,466][flwr][WARNING] - DEPRECATED FEATURE: flwr.client.start_client() is deprecated.
	Instead, use the `flower-supernode` CLI command to start a SuperNode as shown below:

		$ flower-supernode --insecure --superlink='<IP>:<PORT>'

	To view all available options, run:

		$ flower-supernode --help

	Using `start_client()` is deprecated.

            This is a deprecated feature. It will be removed
            entirely in future versions of Flower.
        
[2025-09-30 11:33:46,497][flwr][DEBUG] - Opened insecure gRPC connection (no certificates were passed)
[2025-09-30 11:33:46,499][flwr][DEBUG] - ChannelConnectivity.IDLE
[2025-09-30 11:33:46,500][flwr][DEBUG] - ChannelConnectivity.CONNECTING
[2025-09-30 11:33:46,502][flwr][DEBUG] - ChannelConnectivity.TRANSIENT_FAILURE
[2025-09-30 11:33:46,705][flwr][DEBUG] - gRPC channel closed
[2025-09-30 11:33:46,716][root][INFO] - notify_fail start
[2025-09-30 11:33:46,734][root][ERROR] - trainFin
[2025-09-30 12:20:49,929][root][INFO] - bulid model
[2025-09-30 12:20:49,929][root][INFO] - FL start
[2025-09-30 12:20:49,938][client_api][INFO] - FL_server_IP:port - ccl.gachon.ac.kr:40032
[2025-09-30 12:20:49,939][root][INFO] - FL learning ready
[2025-09-30 12:20:49,939][root][INFO] - fl_task_id: cluster2
[2025-09-30 12:20:49,940][root][INFO] - dataset: MNIST
[2025-09-30 12:20:49,940][root][INFO] - output_size: 10
[2025-09-30 12:20:49,940][root][INFO] - validation_split: 0.2
[2025-09-30 12:20:49,940][root][INFO] - model_type: Pytorch
[2025-09-30 12:20:49,940][root][INFO] - wandb_key: 38f6cf3c2c37660d42ebfe8ab434b72d34be3b31
[2025-09-30 12:20:49,941][root][INFO] - wandb_account: rirakang@gachon.ac.kr
[2025-09-30 12:20:49,946][flwr][WARNING] - DEPRECATED FEATURE: flwr.client.start_numpy_client() is deprecated. 
	Instead, use `flwr.client.start_client()` by ensuring you first call the `.to_client()` method as shown below: 
	flwr.client.start_client(
		server_address='<IP>:<PORT>',
		client=FlowerClient().to_client(), # <-- where FlowerClient is of type flwr.client.NumPyClient object
	)
	Using `start_numpy_client()` is deprecated.

            This is a deprecated feature. It will be removed
            entirely in future versions of Flower.
        
[2025-09-30 12:20:49,947][flwr][WARNING] - DEPRECATED FEATURE: flwr.client.start_client() is deprecated.
	Instead, use the `flower-supernode` CLI command to start a SuperNode as shown below:

		$ flower-supernode --insecure --superlink='<IP>:<PORT>'

	To view all available options, run:

		$ flower-supernode --help

	Using `start_client()` is deprecated.

            This is a deprecated feature. It will be removed
            entirely in future versions of Flower.
        
[2025-09-30 12:20:49,948][flwr][DEBUG] - Opened insecure gRPC connection (no certificates were passed)
[2025-09-30 12:20:49,950][flwr][DEBUG] - ChannelConnectivity.IDLE
[2025-09-30 12:20:49,978][flwr][DEBUG] - ChannelConnectivity.READY
[2025-09-30 12:20:50,182][flwr][DEBUG] - gRPC channel closed
[2025-09-30 12:20:50,193][root][INFO] - notify_fail start
[2025-09-30 12:20:50,212][root][ERROR] - trainFin
[2025-09-30 12:22:04,242][root][INFO] - ccl-x-server;43:56:51:a9:43:53-client close
