[2025-09-26 20:53:00,285][root][INFO] - FL_Task - {"dataset": "MNIST", "start_execution_time": "2025-09-26 20:53:00"}
[2025-09-26 20:53:00,794][__main__][INFO] - data loaded
[2025-09-26 20:53:00,953][__main__][INFO] - Latest Local Model download
[2025-09-26 20:53:00,954][root][INFO] - downloaded local_model_name: MNISTClassifier_local_model_V13.pth
[2025-09-26 20:53:01,170][root][INFO] - init model_type: Pytorch
[2025-09-26 20:56:13,049][root][INFO] - bulid model
[2025-09-26 20:56:13,049][root][INFO] - FL start
[2025-09-26 20:56:13,055][client_api][INFO] - FL_server_IP:port - ccl.gachon.ac.kr:40032
[2025-09-26 20:56:13,056][root][INFO] - FL learning ready
[2025-09-26 20:56:13,056][root][INFO] - fl_task_id: clustertest
[2025-09-26 20:56:13,057][root][INFO] - dataset: MNIST
[2025-09-26 20:56:13,057][root][INFO] - output_size: 10
[2025-09-26 20:56:13,057][root][INFO] - validation_split: 0.2
[2025-09-26 20:56:13,057][root][INFO] - model_type: Pytorch
[2025-09-26 20:56:13,057][root][INFO] - wandb_key: 38f6cf3c2c37660d42ebfe8ab434b72d34be3b31
[2025-09-26 20:56:13,057][root][INFO] - wandb_account: rirakang@gachon.ac.kr
[2025-09-26 20:56:17,087][flwr][WARNING] - DEPRECATED FEATURE: flwr.client.start_numpy_client() is deprecated. 
	Instead, use `flwr.client.start_client()` by ensuring you first call the `.to_client()` method as shown below: 
	flwr.client.start_client(
		server_address='<IP>:<PORT>',
		client=FlowerClient().to_client(), # <-- where FlowerClient is of type flwr.client.NumPyClient object
	)
	Using `start_numpy_client()` is deprecated.

            This is a deprecated feature. It will be removed
            entirely in future versions of Flower.
        
[2025-09-26 20:56:17,094][flwr][WARNING] - DEPRECATED FEATURE: flwr.client.start_client() is deprecated.
	Instead, use the `flower-supernode` CLI command to start a SuperNode as shown below:

		$ flower-supernode --insecure --superlink='<IP>:<PORT>'

	To view all available options, run:

		$ flower-supernode --help

	Using `start_client()` is deprecated.

            This is a deprecated feature. It will be removed
            entirely in future versions of Flower.
        
[2025-09-26 20:56:17,104][flwr][DEBUG] - Opened insecure gRPC connection (no certificates were passed)
[2025-09-26 20:56:17,378][flwr][DEBUG] - ChannelConnectivity.IDLE
[2025-09-26 20:56:17,386][flwr][DEBUG] - ChannelConnectivity.READY
[2025-09-26 20:56:18,013][flwr][INFO] - 
[2025-09-26 20:56:18,014][flwr][INFO] - Received: train message 760181ee-f634-4f20-bf11-d49a33986bd0
[2025-09-26 20:56:18,076][client_api][WARNING] - [cluster-upsert] HTTP 500 Internal Server Error (task_id=clustertest, mac=43:56:51:a9:43:53, cluster_id=0)
[2025-09-26 20:58:16,092][client_fl][INFO] - train_performance - {"fl_task_id": "clustertest", "client_mac": "43:56:51:a9:43:53", "client_name": "ccl-x-server", "round": 1, "gl_model_v": 14, "train_loss": 0.02981141793041272, "train_accuracy": 0.99025, "train_f1_score": 0.9902626692387231, "val_loss": 0.05602669750062868, "val_accuracy": 0.9833333333333333, "val_f1_score": 0.9833435741268282, "train_time": 118.01249241828918, "wandb_name": "ccl-x-server-v0(2025-09-26 20:53:01.181390)", "cluster_id": 0}
[2025-09-26 20:58:16,372][flwr][INFO] - Sent reply
[2025-09-26 20:58:20,000][flwr][INFO] - 
[2025-09-26 20:58:20,001][flwr][INFO] - Received: evaluate message a89c5a0c-ec57-4543-b386-f97db9dd8458
[2025-09-26 20:58:35,221][client_fl][INFO] - test - {"fl_task_id": "clustertest", "client_mac": "43:56:51:a9:43:53", "client_name": "ccl-x-server", "round": 1, "test_loss": 0.06445936532691121, "test_accuracy": 0.9829166666666667, "gl_model_v": 14, "wandb_name": "ccl-x-server-v0(2025-09-26 20:53:01.181390)", "cluster_id": 0}
[2025-09-26 20:58:35,316][flwr][INFO] - Sent reply
[2025-09-26 20:58:35,875][flwr][INFO] - 
[2025-09-26 20:58:35,875][flwr][INFO] - Received: train message b1acfafe-7664-40ea-a34b-a0ba5439c601
[2025-09-26 20:58:35,936][client_api][INFO] - [cluster-upsert] success (task_id=clustertest, mac=43:56:51:a9:43:53, cluster_id=10000)
[2025-09-26 21:01:14,049][client_fl][INFO] - train_performance - {"fl_task_id": "clustertest", "client_mac": "43:56:51:a9:43:53", "client_name": "ccl-x-server", "round": 2, "gl_model_v": 14, "train_loss": 0.005035039613576115, "train_accuracy": 0.9986388888888889, "train_f1_score": 0.9986384851008667, "val_loss": 0.04533401177391073, "val_accuracy": 0.99025, "val_f1_score": 0.9902428226347383, "train_time": 158.11083722114563, "wandb_name": "ccl-x-server-v0(2025-09-26 20:53:01.181390)", "cluster_id": 10000}
[2025-09-26 21:01:14,207][flwr][INFO] - Sent reply
[2025-09-26 21:01:18,066][flwr][INFO] - 
[2025-09-26 21:01:18,067][flwr][INFO] - Received: evaluate message 2cb61b6b-034e-4731-9e4f-65ec224e3685
[2025-09-26 21:01:32,065][client_fl][INFO] - test - {"fl_task_id": "clustertest", "client_mac": "43:56:51:a9:43:53", "client_name": "ccl-x-server", "round": 2, "test_loss": 0.048115213122033075, "test_accuracy": 0.98975, "gl_model_v": 14, "wandb_name": "ccl-x-server-v0(2025-09-26 20:53:01.181390)", "cluster_id": 0}
[2025-09-26 21:01:32,157][flwr][INFO] - Sent reply
[2025-09-26 21:01:32,175][flwr][INFO] - 
[2025-09-26 21:01:32,176][flwr][INFO] - Received: reconnect message c666e825-f433-4593-86a1-59642df74502
[2025-09-26 21:01:32,179][flwr][DEBUG] - gRPC channel closed
[2025-09-26 21:01:32,179][flwr][INFO] - Disconnect and shut down
[2025-09-26 21:01:32,264][root][INFO] - fl learning finished
[2025-09-26 21:01:34,169][root][ERROR] - wandb system load error: Could not find project MNIST_clustertest
[2025-09-26 21:01:34,169][root][INFO] - client_operation_time - {"fl_task_id": "clustertest", "client_mac": "43:56:51:a9:43:53", "client_name": "ccl-x-server", "operation_time": 315.18078875541687, "gl_model_v": 14}
[2025-09-26 21:01:34,188][root][INFO] - try notify_fin
[2025-09-26 21:01:34,200][root][INFO] - trainFin
[2025-09-26 21:01:34,200][root][INFO] - FL Client Learning Finish
[2025-09-26 21:04:56,341][root][INFO] - bulid model
[2025-09-26 21:04:56,341][root][INFO] - FL start
[2025-09-26 21:04:56,348][client_api][INFO] - FL_server_IP:port - ccl.gachon.ac.kr:40032
[2025-09-26 21:04:56,349][root][INFO] - FL learning ready
[2025-09-26 21:04:56,349][root][INFO] - fl_task_id: clustertest
[2025-09-26 21:04:56,349][root][INFO] - dataset: MNIST
[2025-09-26 21:04:56,350][root][INFO] - output_size: 10
[2025-09-26 21:04:56,350][root][INFO] - validation_split: 0.2
[2025-09-26 21:04:56,350][root][INFO] - model_type: Pytorch
[2025-09-26 21:04:56,350][root][INFO] - wandb_key: 38f6cf3c2c37660d42ebfe8ab434b72d34be3b31
[2025-09-26 21:04:56,350][root][INFO] - wandb_account: rirakang@gachon.ac.kr
[2025-09-26 21:04:59,270][flwr][WARNING] - DEPRECATED FEATURE: flwr.client.start_numpy_client() is deprecated. 
	Instead, use `flwr.client.start_client()` by ensuring you first call the `.to_client()` method as shown below: 
	flwr.client.start_client(
		server_address='<IP>:<PORT>',
		client=FlowerClient().to_client(), # <-- where FlowerClient is of type flwr.client.NumPyClient object
	)
	Using `start_numpy_client()` is deprecated.

            This is a deprecated feature. It will be removed
            entirely in future versions of Flower.
        
[2025-09-26 21:04:59,272][flwr][WARNING] - DEPRECATED FEATURE: flwr.client.start_client() is deprecated.
	Instead, use the `flower-supernode` CLI command to start a SuperNode as shown below:

		$ flower-supernode --insecure --superlink='<IP>:<PORT>'

	To view all available options, run:

		$ flower-supernode --help

	Using `start_client()` is deprecated.

            This is a deprecated feature. It will be removed
            entirely in future versions of Flower.
        
[2025-09-26 21:04:59,274][flwr][DEBUG] - Opened insecure gRPC connection (no certificates were passed)
[2025-09-26 21:04:59,390][flwr][DEBUG] - ChannelConnectivity.IDLE
[2025-09-26 21:04:59,391][flwr][DEBUG] - ChannelConnectivity.CONNECTING
[2025-09-26 21:04:59,410][flwr][DEBUG] - ChannelConnectivity.READY
[2025-09-26 21:05:00,046][flwr][INFO] - 
[2025-09-26 21:05:00,047][flwr][INFO] - Received: train message f752f5ba-0862-416f-8f3e-4e1c0675744c
[2025-09-26 21:05:00,080][client_api][INFO] - [cluster-upsert] success (task_id=clustertest, mac=43:56:51:a9:43:53, cluster_id=0)
[2025-09-26 21:08:15,839][client_fl][INFO] - train_performance - {"fl_task_id": "clustertest", "client_mac": "43:56:51:a9:43:53", "client_name": "ccl-x-server", "round": 1, "gl_model_v": 15, "train_loss": 0.00019519978085081894, "train_accuracy": 1.0, "train_f1_score": 1.0, "val_loss": 0.0363774364228796, "val_accuracy": 0.9925833333333334, "val_f1_score": 0.9925799660789055, "train_time": 195.75040745735168, "wandb_name": "ccl-x-server-v0(2025-09-26 20:53:01.181390)", "cluster_id": 0}
[2025-09-26 21:08:15,965][flwr][INFO] - Sent reply
[2025-09-26 21:08:19,864][flwr][INFO] - 
[2025-09-26 21:08:19,865][flwr][INFO] - Received: evaluate message 053ee235-5183-4d45-9d93-84524c94533d
[2025-09-26 21:08:36,366][client_fl][INFO] - test - {"fl_task_id": "clustertest", "client_mac": "43:56:51:a9:43:53", "client_name": "ccl-x-server", "round": 1, "test_loss": 0.04068246255887294, "test_accuracy": 0.9920833333333333, "gl_model_v": 15, "wandb_name": "ccl-x-server-v0(2025-09-26 20:53:01.181390)", "cluster_id": 0}
[2025-09-26 21:08:36,471][flwr][INFO] - Sent reply
[2025-09-26 21:08:37,049][flwr][INFO] - 
[2025-09-26 21:08:37,050][flwr][INFO] - Received: train message bfb1deee-a090-4904-9668-adfa8672a8d7
[2025-09-26 21:08:37,061][client_api][INFO] - [cluster-upsert] success (task_id=clustertest, mac=43:56:51:a9:43:53, cluster_id=10000)
[2025-09-26 21:15:06,736][client_fl][INFO] - train_performance - {"fl_task_id": "clustertest", "client_mac": "43:56:51:a9:43:53", "client_name": "ccl-x-server", "round": 2, "gl_model_v": 15, "train_loss": 2.09166699585034e-05, "train_accuracy": 1.0, "train_f1_score": 1.0, "val_loss": 0.04428877100135524, "val_accuracy": 0.99325, "val_f1_score": 0.9932474917127059, "train_time": 389.6670632362366, "wandb_name": "ccl-x-server-v0(2025-09-26 20:53:01.181390)", "cluster_id": 10000}
[2025-09-26 21:15:07,012][flwr][INFO] - Sent reply
[2025-09-26 21:15:10,858][flwr][INFO] - 
[2025-09-26 21:15:10,860][flwr][INFO] - Received: evaluate message 21b00978-3b90-40a0-9ec3-b793c3d9bc62
[2025-09-26 21:15:22,638][client_fl][INFO] - test - {"fl_task_id": "clustertest", "client_mac": "43:56:51:a9:43:53", "client_name": "ccl-x-server", "round": 2, "test_loss": 0.04916545209547176, "test_accuracy": 0.9921666666666666, "gl_model_v": 15, "wandb_name": "ccl-x-server-v0(2025-09-26 20:53:01.181390)", "cluster_id": 0}
[2025-09-26 21:15:22,704][flwr][INFO] - Sent reply
[2025-09-26 21:15:22,720][flwr][INFO] - 
[2025-09-26 21:15:22,720][flwr][INFO] - Received: reconnect message 70c89b3a-798c-449c-8020-e8493b9a8a24
[2025-09-26 21:15:22,724][flwr][DEBUG] - gRPC channel closed
[2025-09-26 21:15:22,725][flwr][INFO] - Disconnect and shut down
[2025-09-26 21:15:22,726][root][INFO] - fl learning finished
[2025-09-26 21:15:24,823][root][ERROR] - wandb system load error: Could not find project MNIST_clustertest
[2025-09-26 21:15:24,823][root][INFO] - client_operation_time - {"fl_task_id": "clustertest", "client_mac": "43:56:51:a9:43:53", "client_name": "ccl-x-server", "operation_time": 623.5977504253387, "gl_model_v": 15}
[2025-09-26 21:15:24,837][root][INFO] - try notify_fin
[2025-09-26 21:15:24,864][root][INFO] - trainFin
[2025-09-26 21:15:24,864][root][INFO] - FL Client Learning Finish
[2025-09-26 21:16:44,084][root][INFO] - ccl-x-server;43:56:51:a9:43:53-client close
