[2025-09-29 08:57:20,361][root][INFO] - FL_Task - {"dataset": "MNIST", "start_execution_time": "2025-09-29 08:57:20"}
[2025-09-29 08:57:20,409][__main__][INFO] - data loaded
[2025-09-29 08:57:20,433][root][INFO] - init model_type: Pytorch
[2025-09-29 09:05:20,081][root][INFO] - bulid model
[2025-09-29 09:05:20,081][root][INFO] - FL start
[2025-09-29 09:05:20,087][client_api][INFO] - FL_server_IP:port - ccl.gachon.ac.kr:40032
[2025-09-29 09:05:20,088][root][INFO] - FL learning ready
[2025-09-29 09:05:20,088][root][INFO] - fl_task_id: clustert
[2025-09-29 09:05:20,089][root][INFO] - dataset: MNIST
[2025-09-29 09:05:20,089][root][INFO] - output_size: 10
[2025-09-29 09:05:20,089][root][INFO] - validation_split: 0.2
[2025-09-29 09:05:20,089][root][INFO] - model_type: Pytorch
[2025-09-29 09:05:20,089][root][INFO] - wandb_key: 38f6cf3c2c37660d42ebfe8ab434b72d34be3b31
[2025-09-29 09:05:20,089][root][INFO] - wandb_account: rirakang@gachon.ac.kr
[2025-09-29 09:05:21,959][flwr][WARNING] - DEPRECATED FEATURE: flwr.client.start_numpy_client() is deprecated. 
	Instead, use `flwr.client.start_client()` by ensuring you first call the `.to_client()` method as shown below: 
	flwr.client.start_client(
		server_address='<IP>:<PORT>',
		client=FlowerClient().to_client(), # <-- where FlowerClient is of type flwr.client.NumPyClient object
	)
	Using `start_numpy_client()` is deprecated.

            This is a deprecated feature. It will be removed
            entirely in future versions of Flower.
        
[2025-09-29 09:05:21,960][flwr][WARNING] - DEPRECATED FEATURE: flwr.client.start_client() is deprecated.
	Instead, use the `flower-supernode` CLI command to start a SuperNode as shown below:

		$ flower-supernode --insecure --superlink='<IP>:<PORT>'

	To view all available options, run:

		$ flower-supernode --help

	Using `start_client()` is deprecated.

            This is a deprecated feature. It will be removed
            entirely in future versions of Flower.
        
[2025-09-29 09:05:21,965][flwr][DEBUG] - Opened insecure gRPC connection (no certificates were passed)
[2025-09-29 09:05:22,000][flwr][DEBUG] - ChannelConnectivity.IDLE
[2025-09-29 09:05:22,002][flwr][DEBUG] - ChannelConnectivity.CONNECTING
[2025-09-29 09:05:22,004][flwr][DEBUG] - ChannelConnectivity.READY
[2025-09-29 09:05:29,857][flwr][INFO] - 
[2025-09-29 09:05:29,858][flwr][INFO] - Received: train message 51f67d81-a182-4c67-91c0-79d12620dc66
[2025-09-29 09:05:29,872][client_api][INFO] - [cluster-upsert] success (task_id=clustert, mac=43:56:51:a9:43:53, cluster_id=0)
[2025-09-29 09:05:57,821][client_fl][INFO] - train_performance - {"fl_task_id": "clustert", "client_mac": "43:56:51:a9:43:53", "client_name": "ccl-x-server", "round": 1, "gl_model_v": 1, "train_loss": 0.01531379108345268, "train_accuracy": 0.9953333333333333, "train_f1_score": 0.9953345156570192, "val_loss": 0.04084386182156332, "val_accuracy": 0.9870833333333333, "val_f1_score": 0.9870866595130997, "train_time": 27.94767427444458, "wandb_name": "ccl-x-server-v0(2025-09-29 08:57:20.436263)", "cluster_id": 0}
[2025-09-29 09:05:57,935][flwr][INFO] - Sent reply
[2025-09-29 09:06:02,819][flwr][INFO] - 
[2025-09-29 09:06:02,820][flwr][INFO] - Received: evaluate message 1f7e2bd5-3ce0-4395-b67e-3999229552c1
[2025-09-29 09:06:04,755][client_fl][INFO] - test - {"fl_task_id": "clustert", "client_mac": "43:56:51:a9:43:53", "client_name": "ccl-x-server", "round": 1, "test_loss": 0.045842625205702286, "test_accuracy": 0.9861666666666666, "gl_model_v": 1, "wandb_name": "ccl-x-server-v0(2025-09-29 08:57:20.436263)", "cluster_id": 0}
[2025-09-29 09:06:04,768][flwr][INFO] - Sent reply
[2025-09-29 09:06:46,608][flwr][INFO] - 
[2025-09-29 09:06:46,609][flwr][INFO] - Received: evaluate message cf44be0f-8f0e-4da7-a2f8-0e8a3d9c8236
[2025-09-29 09:06:48,486][client_fl][INFO] - test - {"fl_task_id": "clustert", "client_mac": "43:56:51:a9:43:53", "client_name": "ccl-x-server", "round": 2, "test_loss": 0.03910575649438505, "test_accuracy": 0.9905, "gl_model_v": 1, "wandb_name": "ccl-x-server-v0(2025-09-29 08:57:20.436263)", "cluster_id": 0}
[2025-09-29 09:06:48,499][flwr][INFO] - Sent reply
[2025-09-29 09:06:48,840][flwr][INFO] - 
[2025-09-29 09:06:48,840][flwr][INFO] - Received: reconnect message 49069d8f-4e7b-4d56-881f-449171a8a20d
[2025-09-29 09:06:48,852][flwr][DEBUG] - gRPC channel closed
[2025-09-29 09:06:48,852][flwr][INFO] - Disconnect and shut down
[2025-09-29 09:06:48,853][root][INFO] - fl learning finished
[2025-09-29 09:06:50,308][root][ERROR] - wandb system load error: Could not find project MNIST_clustert
[2025-09-29 09:06:50,309][root][INFO] - client_operation_time - {"fl_task_id": "clustert", "client_mac": "43:56:51:a9:43:53", "client_name": "ccl-x-server", "operation_time": 86.89506006240845, "gl_model_v": 1}
[2025-09-29 09:06:50,325][root][INFO] - try notify_fin
[2025-09-29 09:06:50,338][root][INFO] - trainFin
[2025-09-29 09:06:50,338][root][INFO] - FL Client Learning Finish
