[2025-09-25 10:03:02,533][root][INFO] - FL_Task - {"dataset": "MNIST", "start_execution_time": "2025-09-25 10:03:02"}
[2025-09-25 10:03:03,472][__main__][INFO] - data loaded
[2025-09-25 10:03:03,804][__main__][INFO] - Latest Local Model download
[2025-09-25 10:03:03,804][root][INFO] - downloaded local_model_name: MNISTClassifier_local_model_V2.pth
[2025-09-25 10:03:04,159][root][INFO] - init model_type: Pytorch
[2025-09-25 10:06:02,503][root][INFO] - bulid model
[2025-09-25 10:06:02,503][root][INFO] - FL start
[2025-09-25 10:06:02,509][client_api][INFO] - FL_server_IP:port - ccl.gachon.ac.kr:40025
[2025-09-25 10:06:02,510][root][INFO] - FL learning ready
[2025-09-25 10:06:02,510][root][INFO] - fl_task_id: clustertest
[2025-09-25 10:06:02,510][root][INFO] - dataset: MNIST
[2025-09-25 10:06:02,510][root][INFO] - output_size: 10
[2025-09-25 10:06:02,510][root][INFO] - validation_split: 0.2
[2025-09-25 10:06:02,510][root][INFO] - model_type: Pytorch
[2025-09-25 10:06:02,510][root][INFO] - wandb_key: 38f6cf3c2c37660d42ebfe8ab434b72d34be3b31
[2025-09-25 10:06:02,510][root][INFO] - wandb_account: rirakang@gachon.ac.kr
[2025-09-25 10:06:06,415][flwr][WARNING] - DEPRECATED FEATURE: flwr.client.start_numpy_client() is deprecated. 
	Instead, use `flwr.client.start_client()` by ensuring you first call the `.to_client()` method as shown below: 
	flwr.client.start_client(
		server_address='<IP>:<PORT>',
		client=FlowerClient().to_client(), # <-- where FlowerClient is of type flwr.client.NumPyClient object
	)
	Using `start_numpy_client()` is deprecated.

            This is a deprecated feature. It will be removed
            entirely in future versions of Flower.
        
[2025-09-25 10:06:06,430][flwr][WARNING] - DEPRECATED FEATURE: flwr.client.start_client() is deprecated.
	Instead, use the `flower-supernode` CLI command to start a SuperNode as shown below:

		$ flower-supernode --insecure --superlink='<IP>:<PORT>'

	To view all available options, run:

		$ flower-supernode --help

	Using `start_client()` is deprecated.

            This is a deprecated feature. It will be removed
            entirely in future versions of Flower.
        
[2025-09-25 10:06:06,469][flwr][DEBUG] - Opened insecure gRPC connection (no certificates were passed)
[2025-09-25 10:06:06,759][flwr][DEBUG] - ChannelConnectivity.IDLE
[2025-09-25 10:06:06,763][flwr][DEBUG] - ChannelConnectivity.READY
[2025-09-25 10:06:07,303][flwr][INFO] - 
[2025-09-25 10:06:07,318][flwr][INFO] - Received: train message cb41730b-41de-41f4-b7cf-56c23e89f2e3
[2025-09-25 10:07:57,028][client_fl][INFO] - train_performance - {"fl_task_id": "clustertest", "client_mac": "43:56:51:a9:43:53", "client_name": "ccl-x-server", "round": 1, "gl_model_v": 3, "train_loss": 0.00043259385982160996, "train_accuracy": 0.9999722222222223, "train_f1_score": 0.9999722220696975, "val_loss": 0.03663551529365229, "val_accuracy": 0.9913333333333333, "val_f1_score": 0.9913282120869114, "train_time": 109.65151834487915, "wandb_name": "ccl-x-server-v0(2025-09-25 10:03:04.161326)", "cluster_id": 0}
[2025-09-25 10:07:57,268][flwr][INFO] - Sent reply
[2025-09-25 10:08:01,152][flwr][INFO] - 
[2025-09-25 10:08:01,153][flwr][INFO] - Received: evaluate message 62085ad2-22e2-4bda-8844-8b58f9ec4d62
[2025-09-25 10:08:14,544][client_fl][INFO] - test - {"fl_task_id": "clustertest", "client_mac": "43:56:51:a9:43:53", "client_name": "ccl-x-server", "round": 1, "test_loss": 0.041141605932894655, "test_accuracy": 0.9914166666666666, "gl_model_v": 3, "wandb_name": "ccl-x-server-v0(2025-09-25 10:03:04.161326)", "cluster_id": 0}
[2025-09-25 10:08:14,570][flwr][INFO] - Sent reply
[2025-09-25 10:08:15,321][flwr][INFO] - 
[2025-09-25 10:08:15,323][flwr][INFO] - Received: train message edb820b1-ca14-442a-9e3b-819a0ee19cfc
[2025-09-25 10:09:40,122][client_fl][INFO] - train_performance - {"fl_task_id": "clustertest", "client_mac": "43:56:51:a9:43:53", "client_name": "ccl-x-server", "round": 2, "gl_model_v": 3, "train_loss": 0.0005757771061849315, "train_accuracy": 0.9998888888888889, "train_f1_score": 0.9998888843283401, "val_loss": 0.03911301828060111, "val_accuracy": 0.9913333333333333, "val_f1_score": 0.9913262967493198, "train_time": 84.78086805343628, "wandb_name": "ccl-x-server-v0(2025-09-25 10:03:04.161326)", "cluster_id": 0}
[2025-09-25 10:09:40,342][flwr][INFO] - Sent reply
[2025-09-25 10:09:44,128][flwr][INFO] - 
[2025-09-25 10:09:44,129][flwr][INFO] - Received: evaluate message 596b712f-4309-418f-93c6-808d0ece9829
[2025-09-25 10:09:57,735][client_fl][INFO] - test - {"fl_task_id": "clustertest", "client_mac": "43:56:51:a9:43:53", "client_name": "ccl-x-server", "round": 2, "test_loss": 0.04236841179149354, "test_accuracy": 0.99075, "gl_model_v": 3, "wandb_name": "ccl-x-server-v0(2025-09-25 10:03:04.161326)", "cluster_id": 0}
[2025-09-25 10:09:57,758][flwr][INFO] - Sent reply
[2025-09-25 10:09:57,771][flwr][INFO] - 
[2025-09-25 10:09:57,772][flwr][INFO] - Received: reconnect message ce4d52d5-338b-4ff9-88ac-c067520b108a
[2025-09-25 10:09:57,783][flwr][DEBUG] - gRPC channel closed
[2025-09-25 10:09:57,783][flwr][INFO] - Disconnect and shut down
[2025-09-25 10:09:57,972][root][INFO] - fl learning finished
[2025-09-25 10:09:59,968][root][ERROR] - wandb system load error: Could not find project MNIST_clustertest
[2025-09-25 10:09:59,968][root][INFO] - client_operation_time - {"fl_task_id": "clustertest", "client_mac": "43:56:51:a9:43:53", "client_name": "ccl-x-server", "operation_time": 231.55995059013367, "gl_model_v": 3}
[2025-09-25 10:09:59,984][root][INFO] - try notify_fin
[2025-09-25 10:10:00,011][root][INFO] - trainFin
[2025-09-25 10:10:00,011][root][INFO] - FL Client Learning Finish
[2025-09-25 10:13:20,633][root][INFO] - bulid model
[2025-09-25 10:13:20,633][root][INFO] - FL start
[2025-09-25 10:13:20,639][client_api][INFO] - FL_server_IP:port - ccl.gachon.ac.kr:40025
[2025-09-25 10:13:20,639][root][INFO] - FL learning ready
[2025-09-25 10:13:20,640][root][INFO] - fl_task_id: clustertest
[2025-09-25 10:13:20,640][root][INFO] - dataset: MNIST
[2025-09-25 10:13:20,640][root][INFO] - output_size: 10
[2025-09-25 10:13:20,640][root][INFO] - validation_split: 0.2
[2025-09-25 10:13:20,640][root][INFO] - model_type: Pytorch
[2025-09-25 10:13:20,641][root][INFO] - wandb_key: 38f6cf3c2c37660d42ebfe8ab434b72d34be3b31
[2025-09-25 10:13:20,641][root][INFO] - wandb_account: rirakang@gachon.ac.kr
[2025-09-25 10:13:23,720][flwr][WARNING] - DEPRECATED FEATURE: flwr.client.start_numpy_client() is deprecated. 
	Instead, use `flwr.client.start_client()` by ensuring you first call the `.to_client()` method as shown below: 
	flwr.client.start_client(
		server_address='<IP>:<PORT>',
		client=FlowerClient().to_client(), # <-- where FlowerClient is of type flwr.client.NumPyClient object
	)
	Using `start_numpy_client()` is deprecated.

            This is a deprecated feature. It will be removed
            entirely in future versions of Flower.
        
[2025-09-25 10:13:23,722][flwr][WARNING] - DEPRECATED FEATURE: flwr.client.start_client() is deprecated.
	Instead, use the `flower-supernode` CLI command to start a SuperNode as shown below:

		$ flower-supernode --insecure --superlink='<IP>:<PORT>'

	To view all available options, run:

		$ flower-supernode --help

	Using `start_client()` is deprecated.

            This is a deprecated feature. It will be removed
            entirely in future versions of Flower.
        
[2025-09-25 10:13:23,724][flwr][DEBUG] - Opened insecure gRPC connection (no certificates were passed)
[2025-09-25 10:13:24,240][flwr][DEBUG] - ChannelConnectivity.IDLE
[2025-09-25 10:13:24,244][flwr][DEBUG] - ChannelConnectivity.READY
[2025-09-25 10:13:24,621][flwr][INFO] - 
[2025-09-25 10:13:24,621][flwr][INFO] - Received: train message 50246332-6d23-4641-814b-42ac633f3387
[2025-09-25 10:16:05,543][client_fl][INFO] - train_performance - {"fl_task_id": "clustertest", "client_mac": "43:56:51:a9:43:53", "client_name": "ccl-x-server", "round": 1, "gl_model_v": 4, "train_loss": 0.0003928342050538899, "train_accuracy": 1.0, "train_f1_score": 1.0, "val_loss": 0.03649031850977252, "val_accuracy": 0.99225, "val_f1_score": 0.99224590409941, "train_time": 160.90314364433289, "wandb_name": "ccl-x-server-v0(2025-09-25 10:03:04.161326)", "cluster_id": 0}
[2025-09-25 10:16:05,724][flwr][INFO] - Sent reply
[2025-09-25 10:16:09,335][flwr][INFO] - 
[2025-09-25 10:16:09,336][flwr][INFO] - Received: evaluate message dd778d3f-52b0-4b61-a10f-fe2f3b4bfea0
[2025-09-25 10:16:26,252][client_fl][INFO] - test - {"fl_task_id": "clustertest", "client_mac": "43:56:51:a9:43:53", "client_name": "ccl-x-server", "round": 1, "test_loss": 0.040120070387777734, "test_accuracy": 0.9903333333333333, "gl_model_v": 4, "wandb_name": "ccl-x-server-v0(2025-09-25 10:03:04.161326)", "cluster_id": 0}
[2025-09-25 10:16:26,344][flwr][INFO] - Sent reply
[2025-09-25 10:16:26,769][flwr][INFO] - 
[2025-09-25 10:16:26,770][flwr][INFO] - Received: train message d060b146-c996-47b7-8aa2-6afcecb9bce0
[2025-09-25 10:19:23,140][client_fl][INFO] - train_performance - {"fl_task_id": "clustertest", "client_mac": "43:56:51:a9:43:53", "client_name": "ccl-x-server", "round": 2, "gl_model_v": 4, "train_loss": 0.00012407482985434798, "train_accuracy": 1.0, "train_f1_score": 1.0, "val_loss": 0.040031413384101745, "val_accuracy": 0.9924166666666666, "val_f1_score": 0.9924122475193753, "train_time": 176.3140106201172, "wandb_name": "ccl-x-server-v0(2025-09-25 10:03:04.161326)", "cluster_id": 0}
[2025-09-25 10:19:23,284][flwr][INFO] - Sent reply
[2025-09-25 10:19:26,990][flwr][INFO] - 
[2025-09-25 10:19:26,991][flwr][INFO] - Received: evaluate message e1b78c18-621c-43fa-b5ff-b42c0b04b067
[2025-09-25 10:19:36,867][client_fl][INFO] - test - {"fl_task_id": "clustertest", "client_mac": "43:56:51:a9:43:53", "client_name": "ccl-x-server", "round": 2, "test_loss": 0.044170944194775075, "test_accuracy": 0.991, "gl_model_v": 4, "wandb_name": "ccl-x-server-v0(2025-09-25 10:03:04.161326)", "cluster_id": 0}
[2025-09-25 10:19:36,929][flwr][INFO] - Sent reply
[2025-09-25 10:19:36,941][flwr][INFO] - 
[2025-09-25 10:19:36,942][flwr][INFO] - Received: reconnect message f43e58ed-cde3-4ffc-a047-edcda69aa5c2
[2025-09-25 10:19:36,949][flwr][DEBUG] - gRPC channel closed
[2025-09-25 10:19:36,950][flwr][INFO] - Disconnect and shut down
[2025-09-25 10:19:37,072][root][INFO] - fl learning finished
[2025-09-25 10:19:39,306][root][ERROR] - wandb system load error: Could not find project MNIST_clustertest
[2025-09-25 10:19:39,306][root][INFO] - client_operation_time - {"fl_task_id": "clustertest", "client_mac": "43:56:51:a9:43:53", "client_name": "ccl-x-server", "operation_time": 373.3540689945221, "gl_model_v": 4}
[2025-09-25 10:19:39,333][root][INFO] - try notify_fin
[2025-09-25 10:19:39,345][root][INFO] - trainFin
[2025-09-25 10:19:39,345][root][INFO] - FL Client Learning Finish
