[2025-09-29 14:32:34,107][root][INFO] - {"dataset": "MNIST", "start_execution_time": "2025-09-29 14:32:34", "client_id": 0, "num_clients": 3, "partition": "dirichlet:0.1", "seed": 42}
[2025-09-29 14:32:34,168][__main__][INFO] - data loaded
[2025-09-29 14:32:34,186][__main__][INFO] - Latest Local Model download
[2025-09-29 14:32:34,186][root][INFO] - downloaded local_model_name: MNISTClassifier_local_model_V8.pth
[2025-09-29 14:32:34,197][root][INFO] - init model_type: Pytorch
[2025-09-29 14:36:11,505][root][INFO] - bulid model
[2025-09-29 14:36:11,505][root][INFO] - FL start
[2025-09-29 14:36:11,510][client_api][INFO] - FL_server_IP:port - ccl.gachon.ac.kr:40032
[2025-09-29 14:36:11,511][root][INFO] - FL learning ready
[2025-09-29 14:36:11,511][root][INFO] - fl_task_id: clustert
[2025-09-29 14:36:11,511][root][INFO] - dataset: MNIST
[2025-09-29 14:36:11,511][root][INFO] - output_size: 10
[2025-09-29 14:36:11,511][root][INFO] - validation_split: 0.2
[2025-09-29 14:36:11,511][root][INFO] - model_type: Pytorch
[2025-09-29 14:36:11,511][root][INFO] - wandb_key: 38f6cf3c2c37660d42ebfe8ab434b72d34be3b31
[2025-09-29 14:36:11,511][root][INFO] - wandb_account: rirakang@gachon.ac.kr
[2025-09-29 14:36:13,323][flwr][WARNING] - DEPRECATED FEATURE: flwr.client.start_numpy_client() is deprecated. 
	Instead, use `flwr.client.start_client()` by ensuring you first call the `.to_client()` method as shown below: 
	flwr.client.start_client(
		server_address='<IP>:<PORT>',
		client=FlowerClient().to_client(), # <-- where FlowerClient is of type flwr.client.NumPyClient object
	)
	Using `start_numpy_client()` is deprecated.

            This is a deprecated feature. It will be removed
            entirely in future versions of Flower.
        
[2025-09-29 14:36:13,327][flwr][WARNING] - DEPRECATED FEATURE: flwr.client.start_client() is deprecated.
	Instead, use the `flower-supernode` CLI command to start a SuperNode as shown below:

		$ flower-supernode --insecure --superlink='<IP>:<PORT>'

	To view all available options, run:

		$ flower-supernode --help

	Using `start_client()` is deprecated.

            This is a deprecated feature. It will be removed
            entirely in future versions of Flower.
        
[2025-09-29 14:36:13,357][flwr][DEBUG] - Opened insecure gRPC connection (no certificates were passed)
[2025-09-29 14:36:13,360][flwr][DEBUG] - ChannelConnectivity.IDLE
[2025-09-29 14:36:13,361][flwr][DEBUG] - ChannelConnectivity.CONNECTING
[2025-09-29 14:36:13,364][flwr][DEBUG] - ChannelConnectivity.READY
[2025-09-29 14:36:20,091][flwr][INFO] - 
[2025-09-29 14:36:20,092][flwr][INFO] - Received: train message f2d9f58b-9843-4dd0-8dfb-f21baf0486dc
[2025-09-29 14:36:20,108][client_api][INFO] - [cluster-upsert] success (task_id=clustert, mac=43:56:51:a9:43:53, cluster_id=0)
[2025-09-29 14:36:29,864][client_fl][INFO] - train_performance - {"fl_task_id": "clustert", "client_mac": "43:56:51:a9:43:53", "client_name": "ccl-x-server", "round": 1, "gl_model_v": 9, "train_loss": 0.02599175771291704, "train_accuracy": 0.9918398378104409, "train_f1_score": 0.9918131470494879, "val_loss": 0.04115613539201709, "val_accuracy": 0.98661800486618, "val_f1_score": 0.9866329496046395, "train_time": 9.752633333206177, "wandb_name": "ccl-x-server-v0(2025-09-29 14:32:34.199319)", "cluster_id": 0}
[2025-09-29 14:36:29,914][flwr][INFO] - Sent reply
[2025-09-29 14:36:35,827][flwr][INFO] - 
[2025-09-29 14:36:35,827][flwr][INFO] - Received: evaluate message 600cbdc5-dec2-433d-b520-614d95960f14
[2025-09-29 14:36:37,275][client_fl][INFO] - test - {"fl_task_id": "clustert", "client_mac": "43:56:51:a9:43:53", "client_name": "ccl-x-server", "round": 1, "test_loss": 0.23207601758686802, "test_accuracy": 0.9224, "gl_model_v": 9, "wandb_name": "ccl-x-server-v0(2025-09-29 14:32:34.199319)", "cluster_id": 0}
[2025-09-29 14:36:37,287][flwr][INFO] - Sent reply
[2025-09-29 14:36:38,139][flwr][INFO] - 
[2025-09-29 14:36:38,140][flwr][INFO] - Received: train message e8f50560-622e-4e7d-9964-c692f2351976
[2025-09-29 14:36:38,156][client_api][INFO] - [cluster-upsert] success (task_id=clustert, mac=43:56:51:a9:43:53, cluster_id=0)
[2025-09-29 14:36:56,796][client_fl][INFO] - train_performance - {"fl_task_id": "clustert", "client_mac": "43:56:51:a9:43:53", "client_name": "ccl-x-server", "round": 2, "gl_model_v": 9, "train_loss": 0.005251331599076272, "train_accuracy": 0.9984794728839331, "train_f1_score": 0.9985046825857791, "val_loss": 0.014430364386032287, "val_accuracy": 0.9955393349553934, "val_f1_score": 0.9955406463856716, "train_time": 18.636975049972534, "wandb_name": "ccl-x-server-v0(2025-09-29 14:32:34.199319)", "cluster_id": 0}
[2025-09-29 14:36:56,832][flwr][INFO] - Sent reply
[2025-09-29 14:37:01,157][flwr][INFO] - 
[2025-09-29 14:37:01,157][flwr][INFO] - Received: evaluate message 066d4809-b2cc-462f-a43a-2546764e9ad6
[2025-09-29 14:37:02,599][client_fl][INFO] - test - {"fl_task_id": "clustert", "client_mac": "43:56:51:a9:43:53", "client_name": "ccl-x-server", "round": 2, "test_loss": 0.09049816016414308, "test_accuracy": 0.9677, "gl_model_v": 9, "wandb_name": "ccl-x-server-v0(2025-09-29 14:32:34.199319)", "cluster_id": 0}
[2025-09-29 14:37:02,610][flwr][INFO] - Sent reply
[2025-09-29 14:37:02,850][flwr][INFO] - 
[2025-09-29 14:37:02,850][flwr][INFO] - Received: reconnect message c21d8a27-ee27-457b-8cea-1f6d88dc5e5e
[2025-09-29 14:37:02,868][flwr][DEBUG] - gRPC channel closed
[2025-09-29 14:37:02,868][flwr][INFO] - Disconnect and shut down
[2025-09-29 14:37:02,869][root][INFO] - fl learning finished
[2025-09-29 14:37:04,514][root][ERROR] - wandb system load error: Could not find project MNIST_clustert
[2025-09-29 14:37:04,515][root][INFO] - client_operation_time - {"fl_task_id": "clustert", "client_mac": "43:56:51:a9:43:53", "client_name": "ccl-x-server", "operation_time": 49.54862356185913, "gl_model_v": 9}
[2025-09-29 14:37:04,525][root][INFO] - try notify_fin
[2025-09-29 14:37:04,537][root][INFO] - trainFin
[2025-09-29 14:37:04,537][root][INFO] - FL Client Learning Finish
[2025-09-29 16:05:47,545][root][INFO] - bulid model
[2025-09-29 16:05:47,545][root][INFO] - FL start
[2025-09-29 16:05:47,554][client_api][INFO] - FL_server_IP:port - ccl.gachon.ac.kr:40032
[2025-09-29 16:05:47,555][root][INFO] - FL learning ready
[2025-09-29 16:05:47,555][root][INFO] - fl_task_id: clustert
[2025-09-29 16:05:47,555][root][INFO] - dataset: MNIST
[2025-09-29 16:05:47,556][root][INFO] - output_size: 10
[2025-09-29 16:05:47,556][root][INFO] - validation_split: 0.2
[2025-09-29 16:05:47,556][root][INFO] - model_type: Pytorch
[2025-09-29 16:05:47,556][root][INFO] - wandb_key: 38f6cf3c2c37660d42ebfe8ab434b72d34be3b31
[2025-09-29 16:05:47,556][root][INFO] - wandb_account: rirakang@gachon.ac.kr
[2025-09-29 16:05:48,692][flwr][WARNING] - DEPRECATED FEATURE: flwr.client.start_numpy_client() is deprecated. 
	Instead, use `flwr.client.start_client()` by ensuring you first call the `.to_client()` method as shown below: 
	flwr.client.start_client(
		server_address='<IP>:<PORT>',
		client=FlowerClient().to_client(), # <-- where FlowerClient is of type flwr.client.NumPyClient object
	)
	Using `start_numpy_client()` is deprecated.

            This is a deprecated feature. It will be removed
            entirely in future versions of Flower.
        
[2025-09-29 16:05:48,693][flwr][WARNING] - DEPRECATED FEATURE: flwr.client.start_client() is deprecated.
	Instead, use the `flower-supernode` CLI command to start a SuperNode as shown below:

		$ flower-supernode --insecure --superlink='<IP>:<PORT>'

	To view all available options, run:

		$ flower-supernode --help

	Using `start_client()` is deprecated.

            This is a deprecated feature. It will be removed
            entirely in future versions of Flower.
        
[2025-09-29 16:05:48,695][flwr][DEBUG] - Opened insecure gRPC connection (no certificates were passed)
[2025-09-29 16:05:48,753][flwr][DEBUG] - ChannelConnectivity.IDLE
[2025-09-29 16:05:48,753][flwr][DEBUG] - ChannelConnectivity.CONNECTING
[2025-09-29 16:05:48,761][flwr][DEBUG] - ChannelConnectivity.READY
[2025-09-29 16:05:54,045][flwr][INFO] - 
[2025-09-29 16:05:54,046][flwr][INFO] - Received: train message 86a8f700-9a77-418f-a557-7982dd45e421
[2025-09-29 16:05:54,062][client_api][INFO] - [cluster-upsert] success (task_id=clustert, mac=43:56:51:a9:43:53, cluster_id=0)
[2025-09-29 16:06:09,595][client_fl][INFO] - train_performance - {"fl_task_id": "clustert", "client_mac": "43:56:51:a9:43:53", "client_name": "ccl-x-server", "round": 1, "gl_model_v": 10, "train_loss": 0.0003311510600387051, "train_accuracy": 1.0, "train_f1_score": 1.0, "val_loss": 0.007621434833755558, "val_accuracy": 0.9979724249797243, "val_f1_score": 0.9979723591892317, "train_time": 15.531384944915771, "wandb_name": "ccl-x-server-v0(2025-09-29 14:32:34.199319)", "cluster_id": 0}
[2025-09-29 16:06:09,654][flwr][INFO] - Sent reply
[2025-09-29 16:06:13,910][flwr][INFO] - 
[2025-09-29 16:06:13,911][flwr][INFO] - Received: evaluate message 2be104e5-e37b-4223-86d9-aaceaedd5430
[2025-09-29 16:06:15,360][client_fl][INFO] - test - {"fl_task_id": "clustert", "client_mac": "43:56:51:a9:43:53", "client_name": "ccl-x-server", "round": 1, "test_loss": 0.041091275344218886, "test_accuracy": 0.9888, "gl_model_v": 10, "wandb_name": "ccl-x-server-v0(2025-09-29 14:32:34.199319)", "cluster_id": 0}
[2025-09-29 16:06:15,378][flwr][INFO] - Sent reply
[2025-09-29 16:06:16,461][flwr][INFO] - 
[2025-09-29 16:06:16,462][flwr][INFO] - Received: train message d02f4cfe-60b7-4bbc-8016-1bfbf4e0a5bd
[2025-09-29 16:06:16,483][client_api][INFO] - [cluster-upsert] success (task_id=clustert, mac=43:56:51:a9:43:53, cluster_id=0)
[2025-09-29 16:06:23,819][client_fl][INFO] - train_performance - {"fl_task_id": "clustert", "client_mac": "43:56:51:a9:43:53", "client_name": "ccl-x-server", "round": 2, "gl_model_v": 10, "train_loss": 0.039384506789279475, "train_accuracy": 0.9893056259503294, "train_f1_score": 0.9892608942055465, "val_loss": 0.06809456205855195, "val_accuracy": 0.9847931873479319, "val_f1_score": 0.9847600681879414, "train_time": 7.333753824234009, "wandb_name": "ccl-x-server-v0(2025-09-29 14:32:34.199319)", "cluster_id": 0}
[2025-09-29 16:06:23,870][flwr][INFO] - Sent reply
[2025-09-29 16:06:34,715][flwr][INFO] - 
[2025-09-29 16:06:34,715][flwr][INFO] - Received: evaluate message 0a2159ad-514e-4f45-8c09-f29a61208b3b
[2025-09-29 16:06:36,190][client_fl][INFO] - test - {"fl_task_id": "clustert", "client_mac": "43:56:51:a9:43:53", "client_name": "ccl-x-server", "round": 2, "test_loss": 0.732339330866367, "test_accuracy": 0.7672, "gl_model_v": 10, "wandb_name": "ccl-x-server-v0(2025-09-29 14:32:34.199319)", "cluster_id": 0}
[2025-09-29 16:06:36,200][flwr][INFO] - Sent reply
[2025-09-29 16:06:36,220][flwr][INFO] - 
[2025-09-29 16:06:36,221][flwr][INFO] - Received: reconnect message 3c8c180a-b708-4c92-b386-e53a3efdc248
[2025-09-29 16:06:36,230][flwr][DEBUG] - gRPC channel closed
[2025-09-29 16:06:36,231][flwr][INFO] - Disconnect and shut down
[2025-09-29 16:06:36,232][root][INFO] - fl learning finished
[2025-09-29 16:06:37,664][root][ERROR] - wandb system load error: Could not find project MNIST_clustert
[2025-09-29 16:06:37,665][root][INFO] - client_operation_time - {"fl_task_id": "clustert", "client_mac": "43:56:51:a9:43:53", "client_name": "ccl-x-server", "operation_time": 47.57115864753723, "gl_model_v": 10}
[2025-09-29 16:06:37,678][root][INFO] - try notify_fin
[2025-09-29 16:06:37,706][root][INFO] - trainFin
[2025-09-29 16:06:37,706][root][INFO] - FL Client Learning Finish
