[2025-09-29 12:05:23,199][root][INFO] - {"dataset": "MNIST", "start_execution_time": "2025-09-29 12:05:23", "client_id": 0, "num_clients": 3, "partition": "dirichlet:0.1", "seed": 42}
[2025-09-29 12:05:23,271][data_preparation][INFO] - Saved partition to ./partitions/mnist_dirichlet_alpha0.1_clients3_seed42.json
[2025-09-29 12:05:23,282][__main__][INFO] - data loaded
[2025-09-29 12:05:23,301][__main__][INFO] - Latest Local Model download
[2025-09-29 12:05:23,303][root][INFO] - downloaded local_model_name: MNISTClassifier_local_model_V1.pth
[2025-09-29 12:05:23,314][root][INFO] - init model_type: Pytorch
[2025-09-29 12:09:13,781][root][INFO] - bulid model
[2025-09-29 12:09:13,781][root][INFO] - FL start
[2025-09-29 12:09:13,787][client_api][INFO] - FL_server_IP:port - ccl.gachon.ac.kr:40032
[2025-09-29 12:09:13,788][root][INFO] - FL learning ready
[2025-09-29 12:09:13,788][root][INFO] - fl_task_id: clustert
[2025-09-29 12:09:13,788][root][INFO] - dataset: MNIST
[2025-09-29 12:09:13,788][root][INFO] - output_size: 10
[2025-09-29 12:09:13,788][root][INFO] - validation_split: 0.2
[2025-09-29 12:09:13,788][root][INFO] - model_type: Pytorch
[2025-09-29 12:09:13,788][root][INFO] - wandb_key: 38f6cf3c2c37660d42ebfe8ab434b72d34be3b31
[2025-09-29 12:09:13,788][root][INFO] - wandb_account: rirakang@gachon.ac.kr
[2025-09-29 12:09:15,570][flwr][WARNING] - DEPRECATED FEATURE: flwr.client.start_numpy_client() is deprecated. 
	Instead, use `flwr.client.start_client()` by ensuring you first call the `.to_client()` method as shown below: 
	flwr.client.start_client(
		server_address='<IP>:<PORT>',
		client=FlowerClient().to_client(), # <-- where FlowerClient is of type flwr.client.NumPyClient object
	)
	Using `start_numpy_client()` is deprecated.

            This is a deprecated feature. It will be removed
            entirely in future versions of Flower.
        
[2025-09-29 12:09:15,572][flwr][WARNING] - DEPRECATED FEATURE: flwr.client.start_client() is deprecated.
	Instead, use the `flower-supernode` CLI command to start a SuperNode as shown below:

		$ flower-supernode --insecure --superlink='<IP>:<PORT>'

	To view all available options, run:

		$ flower-supernode --help

	Using `start_client()` is deprecated.

            This is a deprecated feature. It will be removed
            entirely in future versions of Flower.
        
[2025-09-29 12:09:15,601][flwr][DEBUG] - Opened insecure gRPC connection (no certificates were passed)
[2025-09-29 12:09:15,604][flwr][DEBUG] - ChannelConnectivity.IDLE
[2025-09-29 12:09:15,605][flwr][DEBUG] - ChannelConnectivity.CONNECTING
[2025-09-29 12:09:15,607][flwr][DEBUG] - ChannelConnectivity.READY
[2025-09-29 12:09:16,505][flwr][INFO] - 
[2025-09-29 12:09:16,505][flwr][INFO] - Received: train message e2577ca8-f9e3-45cb-80eb-4d534d4b7e06
[2025-09-29 12:09:16,523][client_api][INFO] - [cluster-upsert] success (task_id=clustert, mac=43:56:51:a9:43:53, cluster_id=0)
[2025-09-29 12:09:28,826][client_fl][INFO] - train_performance - {"fl_task_id": "clustert", "client_mac": "43:56:51:a9:43:53", "client_name": "ccl-x-server", "round": 1, "gl_model_v": 2, "train_loss": 0.009885268606049078, "train_accuracy": 0.9965027876330461, "train_f1_score": 0.9965023204393463, "val_loss": 0.024432812563669033, "val_accuracy": 0.9912814274128142, "val_f1_score": 0.9912934807545504, "train_time": 12.300508737564087, "wandb_name": "ccl-x-server-v0(2025-09-29 12:05:23.316026)", "cluster_id": 0}
[2025-09-29 12:09:28,898][flwr][INFO] - Sent reply
[2025-09-29 12:09:32,657][flwr][INFO] - 
[2025-09-29 12:09:32,658][flwr][INFO] - Received: evaluate message 98e5b0e6-555f-44db-8c1d-48d7e45d5226
[2025-09-29 12:09:34,244][client_fl][INFO] - test - {"fl_task_id": "clustert", "client_mac": "43:56:51:a9:43:53", "client_name": "ccl-x-server", "round": 1, "test_loss": 0.574386127387421, "test_accuracy": 0.8355, "gl_model_v": 2, "wandb_name": "ccl-x-server-v0(2025-09-29 12:05:23.316026)", "cluster_id": 0}
[2025-09-29 12:09:34,256][flwr][INFO] - Sent reply
[2025-09-29 12:09:35,770][flwr][INFO] - 
[2025-09-29 12:09:35,771][flwr][INFO] - Received: train message a9b8ba91-3357-4784-9957-b2c19e39e6bd
[2025-09-29 12:09:35,783][client_api][INFO] - [cluster-upsert] success (task_id=clustert, mac=43:56:51:a9:43:53, cluster_id=10000)
[2025-09-29 12:09:49,794][client_fl][INFO] - train_performance - {"fl_task_id": "clustert", "client_mac": "43:56:51:a9:43:53", "client_name": "ccl-x-server", "round": 2, "gl_model_v": 2, "train_loss": 0.0015597069228533655, "train_accuracy": 0.9996958945767866, "train_f1_score": 0.9996958777999202, "val_loss": 0.010308201261348305, "val_accuracy": 0.9973641524736415, "val_f1_score": 0.9973640565289661, "train_time": 14.009892463684082, "wandb_name": "ccl-x-server-v0(2025-09-29 12:05:23.316026)", "cluster_id": 10000}
[2025-09-29 12:09:49,843][flwr][INFO] - Sent reply
[2025-09-29 12:09:56,219][flwr][INFO] - 
[2025-09-29 12:09:56,219][flwr][INFO] - Received: reconnect message b2c80947-12cc-417a-8489-c564d5324859
[2025-09-29 12:09:56,233][flwr][DEBUG] - gRPC channel closed
[2025-09-29 12:09:56,233][flwr][INFO] - Disconnect and shut down
[2025-09-29 12:09:56,234][root][INFO] - fl learning finished
[2025-09-29 12:09:57,803][root][ERROR] - wandb system load error: Could not find project MNIST_clustert
[2025-09-29 12:09:57,804][root][INFO] - client_operation_time - {"fl_task_id": "clustert", "client_mac": "43:56:51:a9:43:53", "client_name": "ccl-x-server", "operation_time": 40.66559600830078, "gl_model_v": 2}
[2025-09-29 12:09:57,815][root][INFO] - try notify_fin
[2025-09-29 12:09:57,826][root][INFO] - trainFin
[2025-09-29 12:09:57,826][root][INFO] - FL Client Learning Finish
[2025-09-29 12:17:37,777][root][INFO] - bulid model
[2025-09-29 12:17:37,777][root][INFO] - FL start
[2025-09-29 12:17:37,785][client_api][INFO] - FL_server_IP:port - ccl.gachon.ac.kr:40032
[2025-09-29 12:17:37,786][root][INFO] - FL learning ready
[2025-09-29 12:17:37,786][root][INFO] - fl_task_id: clustert
[2025-09-29 12:17:37,787][root][INFO] - dataset: MNIST
[2025-09-29 12:17:37,787][root][INFO] - output_size: 10
[2025-09-29 12:17:37,787][root][INFO] - validation_split: 0.2
[2025-09-29 12:17:37,787][root][INFO] - model_type: Pytorch
[2025-09-29 12:17:37,787][root][INFO] - wandb_key: 38f6cf3c2c37660d42ebfe8ab434b72d34be3b31
[2025-09-29 12:17:37,787][root][INFO] - wandb_account: rirakang@gachon.ac.kr
[2025-09-29 12:17:39,185][flwr][WARNING] - DEPRECATED FEATURE: flwr.client.start_numpy_client() is deprecated. 
	Instead, use `flwr.client.start_client()` by ensuring you first call the `.to_client()` method as shown below: 
	flwr.client.start_client(
		server_address='<IP>:<PORT>',
		client=FlowerClient().to_client(), # <-- where FlowerClient is of type flwr.client.NumPyClient object
	)
	Using `start_numpy_client()` is deprecated.

            This is a deprecated feature. It will be removed
            entirely in future versions of Flower.
        
[2025-09-29 12:17:39,189][flwr][WARNING] - DEPRECATED FEATURE: flwr.client.start_client() is deprecated.
	Instead, use the `flower-supernode` CLI command to start a SuperNode as shown below:

		$ flower-supernode --insecure --superlink='<IP>:<PORT>'

	To view all available options, run:

		$ flower-supernode --help

	Using `start_client()` is deprecated.

            This is a deprecated feature. It will be removed
            entirely in future versions of Flower.
        
[2025-09-29 12:17:39,191][flwr][DEBUG] - Opened insecure gRPC connection (no certificates were passed)
[2025-09-29 12:17:39,195][flwr][DEBUG] - ChannelConnectivity.IDLE
[2025-09-29 12:17:39,241][flwr][DEBUG] - ChannelConnectivity.CONNECTING
[2025-09-29 12:17:39,244][flwr][DEBUG] - ChannelConnectivity.READY
[2025-09-29 12:17:39,941][flwr][INFO] - 
[2025-09-29 12:17:39,942][flwr][INFO] - Received: train message 331bd18e-39e1-429e-bd94-608734af2c7a
[2025-09-29 12:17:39,966][client_api][INFO] - [cluster-upsert] success (task_id=clustert, mac=43:56:51:a9:43:53, cluster_id=0)
[2025-09-29 12:18:07,979][client_fl][INFO] - train_performance - {"fl_task_id": "clustert", "client_mac": "43:56:51:a9:43:53", "client_name": "ccl-x-server", "round": 1, "gl_model_v": 3, "train_loss": 0.0015492374182259948, "train_accuracy": 0.9995945261023822, "train_f1_score": 0.9995945530276954, "val_loss": 0.006251635738011921, "val_accuracy": 0.9993917274939172, "val_f1_score": 0.9993916511053149, "train_time": 28.0109224319458, "wandb_name": "ccl-x-server-v0(2025-09-29 12:05:23.316026)", "cluster_id": 0}
[2025-09-29 12:18:08,021][flwr][INFO] - Sent reply
[2025-09-29 12:18:11,779][flwr][INFO] - 
[2025-09-29 12:18:11,780][flwr][INFO] - Received: evaluate message 1a40f5b0-0eca-40c4-9db7-4c41f1bbb1d3
[2025-09-29 12:18:13,376][client_fl][INFO] - test - {"fl_task_id": "clustert", "client_mac": "43:56:51:a9:43:53", "client_name": "ccl-x-server", "round": 1, "test_loss": 0.06088948807090777, "test_accuracy": 0.9822, "gl_model_v": 3, "wandb_name": "ccl-x-server-v0(2025-09-29 12:05:23.316026)", "cluster_id": 0}
[2025-09-29 12:18:13,385][flwr][INFO] - Sent reply
[2025-09-29 12:18:14,375][flwr][INFO] - 
[2025-09-29 12:18:14,375][flwr][INFO] - Received: train message 191a83ad-7d6b-4038-8d23-202e44d6d6a1
[2025-09-29 12:18:14,388][client_api][INFO] - [cluster-upsert] success (task_id=clustert, mac=43:56:51:a9:43:53, cluster_id=10001)
[2025-09-29 12:18:52,027][client_fl][INFO] - train_performance - {"fl_task_id": "clustert", "client_mac": "43:56:51:a9:43:53", "client_name": "ccl-x-server", "round": 2, "gl_model_v": 3, "train_loss": 0.0012685540278761234, "train_accuracy": 0.9996452103395844, "train_f1_score": 0.9996452174014959, "val_loss": 0.006585583522488984, "val_accuracy": 0.9989862124898621, "val_f1_score": 0.9989859498839283, "train_time": 37.63621139526367, "wandb_name": "ccl-x-server-v0(2025-09-29 12:05:23.316026)", "cluster_id": 10001}
[2025-09-29 12:18:52,080][flwr][INFO] - Sent reply
[2025-09-29 12:18:56,365][flwr][INFO] - 
[2025-09-29 12:18:56,365][flwr][INFO] - Received: evaluate message efadd35a-21f8-4ff9-a12e-9d5571fba224
[2025-09-29 12:18:57,836][client_fl][INFO] - test - {"fl_task_id": "clustert", "client_mac": "43:56:51:a9:43:53", "client_name": "ccl-x-server", "round": 2, "test_loss": 0.0440704065288087, "test_accuracy": 0.9875, "gl_model_v": 3, "wandb_name": "ccl-x-server-v0(2025-09-29 12:05:23.316026)", "cluster_id": 0}
[2025-09-29 12:18:57,848][flwr][INFO] - Sent reply
[2025-09-29 12:18:58,425][flwr][INFO] - 
[2025-09-29 12:18:58,426][flwr][INFO] - Received: reconnect message f43a30ee-1bf4-4adb-a3f1-03b4e9cdeb3e
[2025-09-29 12:18:58,478][flwr][DEBUG] - gRPC channel closed
[2025-09-29 12:18:58,479][flwr][INFO] - Disconnect and shut down
[2025-09-29 12:18:58,480][root][INFO] - fl learning finished
[2025-09-29 12:19:00,092][root][ERROR] - wandb system load error: Could not find project MNIST_clustert
[2025-09-29 12:19:00,092][root][INFO] - client_operation_time - {"fl_task_id": "clustert", "client_mac": "43:56:51:a9:43:53", "client_name": "ccl-x-server", "operation_time": 79.33779788017273, "gl_model_v": 3}
[2025-09-29 12:19:00,106][root][INFO] - try notify_fin
[2025-09-29 12:19:00,122][root][INFO] - trainFin
[2025-09-29 12:19:00,123][root][INFO] - FL Client Learning Finish
[2025-09-29 12:47:25,297][root][INFO] - bulid model
[2025-09-29 12:47:25,297][root][INFO] - FL start
[2025-09-29 12:47:25,305][client_api][INFO] - FL_server_IP:port - ccl.gachon.ac.kr:40032
[2025-09-29 12:47:25,306][root][INFO] - FL learning ready
[2025-09-29 12:47:25,307][root][INFO] - fl_task_id: clustert
[2025-09-29 12:47:25,307][root][INFO] - dataset: MNIST
[2025-09-29 12:47:25,307][root][INFO] - output_size: 10
[2025-09-29 12:47:25,307][root][INFO] - validation_split: 0.2
[2025-09-29 12:47:25,307][root][INFO] - model_type: Pytorch
[2025-09-29 12:47:25,307][root][INFO] - wandb_key: 38f6cf3c2c37660d42ebfe8ab434b72d34be3b31
[2025-09-29 12:47:25,307][root][INFO] - wandb_account: rirakang@gachon.ac.kr
[2025-09-29 12:47:26,666][flwr][WARNING] - DEPRECATED FEATURE: flwr.client.start_numpy_client() is deprecated. 
	Instead, use `flwr.client.start_client()` by ensuring you first call the `.to_client()` method as shown below: 
	flwr.client.start_client(
		server_address='<IP>:<PORT>',
		client=FlowerClient().to_client(), # <-- where FlowerClient is of type flwr.client.NumPyClient object
	)
	Using `start_numpy_client()` is deprecated.

            This is a deprecated feature. It will be removed
            entirely in future versions of Flower.
        
[2025-09-29 12:47:26,668][flwr][WARNING] - DEPRECATED FEATURE: flwr.client.start_client() is deprecated.
	Instead, use the `flower-supernode` CLI command to start a SuperNode as shown below:

		$ flower-supernode --insecure --superlink='<IP>:<PORT>'

	To view all available options, run:

		$ flower-supernode --help

	Using `start_client()` is deprecated.

            This is a deprecated feature. It will be removed
            entirely in future versions of Flower.
        
[2025-09-29 12:47:26,670][flwr][DEBUG] - Opened insecure gRPC connection (no certificates were passed)
[2025-09-29 12:47:26,709][flwr][DEBUG] - ChannelConnectivity.IDLE
[2025-09-29 12:47:26,714][flwr][DEBUG] - ChannelConnectivity.CONNECTING
[2025-09-29 12:47:26,715][flwr][DEBUG] - ChannelConnectivity.READY
[2025-09-29 12:47:27,499][flwr][INFO] - 
[2025-09-29 12:47:27,500][flwr][INFO] - Received: train message 081821ed-506e-4702-b802-0b5492f13924
[2025-09-29 12:47:27,526][client_api][INFO] - [cluster-upsert] success (task_id=clustert, mac=43:56:51:a9:43:53, cluster_id=0)
[2025-09-29 12:47:43,419][client_fl][INFO] - train_performance - {"fl_task_id": "clustert", "client_mac": "43:56:51:a9:43:53", "client_name": "ccl-x-server", "round": 1, "gl_model_v": 4, "train_loss": 0.007510880236082979, "train_accuracy": 0.9972123669538774, "train_f1_score": 0.9972074316961214, "val_loss": 0.010849436872283546, "val_accuracy": 0.9963503649635036, "val_f1_score": 0.9963466955339244, "train_time": 15.891021490097046, "wandb_name": "ccl-x-server-v0(2025-09-29 12:05:23.316026)", "cluster_id": 0}
[2025-09-29 12:47:43,452][flwr][INFO] - Sent reply
[2025-09-29 12:47:47,695][flwr][INFO] - 
[2025-09-29 12:47:47,695][flwr][INFO] - Received: evaluate message b4784191-1bc8-4f8b-835e-b278cecd3c40
[2025-09-29 12:47:49,109][client_fl][INFO] - test - {"fl_task_id": "clustert", "client_mac": "43:56:51:a9:43:53", "client_name": "ccl-x-server", "round": 1, "test_loss": 0.05907311107406298, "test_accuracy": 0.9829, "gl_model_v": 4, "wandb_name": "ccl-x-server-v0(2025-09-29 12:05:23.316026)", "cluster_id": 0}
[2025-09-29 12:47:49,122][flwr][INFO] - Sent reply
[2025-09-29 12:47:50,185][flwr][INFO] - 
[2025-09-29 12:47:50,186][flwr][INFO] - Received: train message d4e513f4-2df0-4b80-88be-25b3b38ea597
[2025-09-29 12:47:50,203][client_api][INFO] - [cluster-upsert] success (task_id=clustert, mac=43:56:51:a9:43:53, cluster_id=10001)
[2025-09-29 12:47:57,297][client_fl][INFO] - train_performance - {"fl_task_id": "clustert", "client_mac": "43:56:51:a9:43:53", "client_name": "ccl-x-server", "round": 2, "gl_model_v": 4, "train_loss": 0.001906450043057794, "train_accuracy": 0.999341104916371, "train_f1_score": 0.9993409884327193, "val_loss": 0.009515604236628113, "val_accuracy": 0.9979724249797243, "val_f1_score": 0.997971044489457, "train_time": 7.092285871505737, "wandb_name": "ccl-x-server-v0(2025-09-29 12:05:23.316026)", "cluster_id": 10001}
[2025-09-29 12:47:57,352][flwr][INFO] - Sent reply
[2025-09-29 12:48:03,638][flwr][INFO] - 
[2025-09-29 12:48:03,639][flwr][INFO] - Received: reconnect message c629b885-e553-4d38-a483-3228bdea9010
[2025-09-29 12:48:03,652][flwr][DEBUG] - gRPC channel closed
[2025-09-29 12:48:03,653][flwr][INFO] - Disconnect and shut down
[2025-09-29 12:48:03,690][root][INFO] - fl learning finished
[2025-09-29 12:48:05,395][root][ERROR] - wandb system load error: Could not find project MNIST_clustert
[2025-09-29 12:48:05,396][root][INFO] - client_operation_time - {"fl_task_id": "clustert", "client_mac": "43:56:51:a9:43:53", "client_name": "ccl-x-server", "operation_time": 37.02734661102295, "gl_model_v": 4}
[2025-09-29 12:48:05,408][root][INFO] - try notify_fin
[2025-09-29 12:48:05,421][root][INFO] - trainFin
[2025-09-29 12:48:05,421][root][INFO] - FL Client Learning Finish
