[2025-09-12 12:09:29,958][root][ERROR] - No read global model
[2025-09-12 12:09:29,961][root][INFO] - gl_model: None, gl_model_v: 0
[2025-09-12 12:09:30,012][root][INFO] - last_gl_model_v: 0
[2025-09-12 12:09:30,013][root][INFO] - init global model making
[2025-09-12 12:09:30,327][flwr][WARNING] - DEPRECATED FEATURE: flwr.server.start_server() is deprecated.
	Instead, use the `flower-superlink` CLI command to start a SuperLink as shown below:

		$ flower-superlink --insecure

	To view usage and all available options, run:

		$ flower-superlink --help

	Using `start_server()` is deprecated.

            This is a deprecated feature. It will be removed
            entirely in future versions of Flower.
        
[2025-09-12 12:09:30,386][flwr][INFO] - Starting Flower server, config: num_rounds=20, no round_timeout
[2025-09-12 12:09:30,407][flwr][INFO] - Flower ECE: gRPC server running (20 rounds), SSL is disabled
[2025-09-12 12:09:30,407][flwr][INFO] - [INIT]
[2025-09-12 12:09:30,407][flwr][INFO] - Using initial global parameters provided by strategy
[2025-09-12 12:09:30,407][flwr][INFO] - Starting evaluation of initial global parameters
[2025-09-12 12:09:38,703][flwr][INFO] - initial parameters (loss, other metrics): 2.3008232358135756, {'accuracy': 0.0963, 'f1_score': 0.021707004433920537}
[2025-09-12 12:09:38,703][flwr][INFO] - 
[2025-09-12 12:09:38,703][flwr][INFO] - [ROUND 1]
[2025-09-12 12:09:38,704][root][INFO] - server start by round
[2025-09-12 12:17:33,799][flwr][INFO] - Flower server terminated gracefully.
[2025-09-12 12:17:33,799][root][INFO] - server close
[2025-09-12 12:17:33,807][root][INFO] - global model version upgrade
