[2025-09-26 13:47:28,126][root][INFO] - FL_Task - {"dataset": "MNIST", "start_execution_time": "2025-09-26 13:47:28"}
[2025-09-26 13:47:28,194][__main__][INFO] - data loaded
[2025-09-26 13:47:28,213][__main__][INFO] - Latest Local Model download
[2025-09-26 13:47:28,214][root][INFO] - downloaded local_model_name: MNISTClassifier_local_model_V2.pth
[2025-09-26 13:47:28,229][root][INFO] - init model_type: Pytorch
[2025-09-26 13:56:18,303][root][INFO] - bulid model
[2025-09-26 13:56:18,303][root][INFO] - FL start
[2025-09-26 13:56:18,309][client_api][INFO] - FL_server_IP:port - ccl.gachon.ac.kr:40032
[2025-09-26 13:56:18,310][root][INFO] - FL learning ready
[2025-09-26 13:56:18,310][root][INFO] - fl_task_id: clustertest
[2025-09-26 13:56:18,310][root][INFO] - dataset: MNIST
[2025-09-26 13:56:18,310][root][INFO] - output_size: 10
[2025-09-26 13:56:18,310][root][INFO] - validation_split: 0.2
[2025-09-26 13:56:18,310][root][INFO] - model_type: Pytorch
[2025-09-26 13:56:18,310][root][INFO] - wandb_key: 38f6cf3c2c37660d42ebfe8ab434b72d34be3b31
[2025-09-26 13:56:18,310][root][INFO] - wandb_account: rirakang@gachon.ac.kr
[2025-09-26 13:56:20,126][flwr][WARNING] - DEPRECATED FEATURE: flwr.client.start_numpy_client() is deprecated. 
	Instead, use `flwr.client.start_client()` by ensuring you first call the `.to_client()` method as shown below: 
	flwr.client.start_client(
		server_address='<IP>:<PORT>',
		client=FlowerClient().to_client(), # <-- where FlowerClient is of type flwr.client.NumPyClient object
	)
	Using `start_numpy_client()` is deprecated.

            This is a deprecated feature. It will be removed
            entirely in future versions of Flower.
        
[2025-09-26 13:56:20,130][flwr][WARNING] - DEPRECATED FEATURE: flwr.client.start_client() is deprecated.
	Instead, use the `flower-supernode` CLI command to start a SuperNode as shown below:

		$ flower-supernode --insecure --superlink='<IP>:<PORT>'

	To view all available options, run:

		$ flower-supernode --help

	Using `start_client()` is deprecated.

            This is a deprecated feature. It will be removed
            entirely in future versions of Flower.
        
[2025-09-26 13:56:20,164][flwr][DEBUG] - Opened insecure gRPC connection (no certificates were passed)
[2025-09-26 13:56:20,167][flwr][DEBUG] - ChannelConnectivity.IDLE
[2025-09-26 13:56:20,168][flwr][DEBUG] - ChannelConnectivity.CONNECTING
[2025-09-26 13:56:20,171][flwr][DEBUG] - ChannelConnectivity.READY
[2025-09-26 13:57:38,871][flwr][INFO] - 
[2025-09-26 13:57:38,871][flwr][INFO] - Received: train message 7c531ed3-feaa-4d03-98b8-461b512564ea
[2025-09-26 13:58:08,484][client_fl][INFO] - train_performance - {"fl_task_id": "clustertest", "client_mac": "f0:2f:74:96:d6:64", "client_name": "ccl-y-server", "round": 1, "gl_model_v": 5, "train_loss": 0.0026525788766614544, "train_accuracy": 0.9992777777777778, "train_f1_score": 0.999277757430118, "val_loss": 0.03298848081345916, "val_accuracy": 0.9916666666666667, "val_f1_score": 0.991666578947989, "train_time": 29.59520173072815, "wandb_name": "ccl-y-server-v0(2025-09-26 13:47:28.230866)", "cluster_id": 0}
[2025-09-26 13:58:08,537][flwr][INFO] - Sent reply
[2025-09-26 13:58:12,370][flwr][INFO] - 
[2025-09-26 13:58:12,371][flwr][INFO] - Received: evaluate message 42df1123-9da3-45d8-ba76-568e0974ee73
[2025-09-26 13:58:14,446][client_fl][INFO] - test - {"fl_task_id": "clustertest", "client_mac": "f0:2f:74:96:d6:64", "client_name": "ccl-y-server", "round": 1, "test_loss": 0.03739018761088447, "test_accuracy": 0.9905833333333334, "gl_model_v": 5, "wandb_name": "ccl-y-server-v0(2025-09-26 13:47:28.230866)", "cluster_id": 0}
[2025-09-26 13:58:14,459][flwr][INFO] - Sent reply
[2025-09-26 13:58:14,470][flwr][INFO] - 
[2025-09-26 13:58:14,471][flwr][INFO] - Received: reconnect message e4cf7a35-637c-44d2-ba5d-3663d481225b
[2025-09-26 13:58:14,474][flwr][DEBUG] - gRPC channel closed
[2025-09-26 13:58:14,475][flwr][INFO] - Disconnect and shut down
[2025-09-26 13:58:14,476][root][INFO] - fl learning finished
[2025-09-26 13:58:17,541][root][ERROR] - wandb system load error: Could not find project MNIST_clustertest
[2025-09-26 13:58:17,544][root][INFO] - client_operation_time - {"fl_task_id": "clustertest", "client_mac": "f0:2f:74:96:d6:64", "client_name": "ccl-y-server", "operation_time": 114.35138297080994, "gl_model_v": 5}
[2025-09-26 13:58:17,557][root][INFO] - try notify_fin
[2025-09-26 13:58:17,576][root][INFO] - trainFin
[2025-09-26 13:58:17,577][root][INFO] - FL Client Learning Finish
[2025-09-26 14:36:01,455][root][INFO] - bulid model
[2025-09-26 14:36:01,455][root][INFO] - FL start
[2025-09-26 14:36:01,464][client_api][INFO] - FL_server_IP:port - ccl.gachon.ac.kr:40032
[2025-09-26 14:36:01,466][root][INFO] - FL learning ready
[2025-09-26 14:36:01,466][root][INFO] - fl_task_id: clustertest
[2025-09-26 14:36:01,466][root][INFO] - dataset: MNIST
[2025-09-26 14:36:01,466][root][INFO] - output_size: 10
[2025-09-26 14:36:01,466][root][INFO] - validation_split: 0.2
[2025-09-26 14:36:01,466][root][INFO] - model_type: Pytorch
[2025-09-26 14:36:01,466][root][INFO] - wandb_key: 38f6cf3c2c37660d42ebfe8ab434b72d34be3b31
[2025-09-26 14:36:01,466][root][INFO] - wandb_account: rirakang@gachon.ac.kr
[2025-09-26 14:36:02,915][flwr][WARNING] - DEPRECATED FEATURE: flwr.client.start_numpy_client() is deprecated. 
	Instead, use `flwr.client.start_client()` by ensuring you first call the `.to_client()` method as shown below: 
	flwr.client.start_client(
		server_address='<IP>:<PORT>',
		client=FlowerClient().to_client(), # <-- where FlowerClient is of type flwr.client.NumPyClient object
	)
	Using `start_numpy_client()` is deprecated.

            This is a deprecated feature. It will be removed
            entirely in future versions of Flower.
        
[2025-09-26 14:36:02,917][flwr][WARNING] - DEPRECATED FEATURE: flwr.client.start_client() is deprecated.
	Instead, use the `flower-supernode` CLI command to start a SuperNode as shown below:

		$ flower-supernode --insecure --superlink='<IP>:<PORT>'

	To view all available options, run:

		$ flower-supernode --help

	Using `start_client()` is deprecated.

            This is a deprecated feature. It will be removed
            entirely in future versions of Flower.
        
[2025-09-26 14:36:02,920][flwr][DEBUG] - Opened insecure gRPC connection (no certificates were passed)
[2025-09-26 14:36:02,956][flwr][DEBUG] - ChannelConnectivity.IDLE
[2025-09-26 14:36:02,959][flwr][DEBUG] - ChannelConnectivity.READY
[2025-09-26 14:36:03,558][flwr][INFO] - 
[2025-09-26 14:36:03,559][flwr][INFO] - Received: train message 9e7bd472-0e53-4c63-b566-c7426e7e4f50
[2025-09-26 14:36:20,126][client_fl][INFO] - train_performance - {"fl_task_id": "clustertest", "client_mac": "f0:2f:74:96:d6:64", "client_name": "ccl-y-server", "round": 1, "gl_model_v": 6, "train_loss": 0.018253813623287343, "train_accuracy": 0.9936944444444444, "train_f1_score": 0.9936963174800452, "val_loss": 0.050261271588672746, "val_accuracy": 0.9861666666666666, "val_f1_score": 0.9861596364266578, "train_time": 16.542534828186035, "wandb_name": "ccl-y-server-v0(2025-09-26 13:47:28.230866)", "cluster_id": 0}
[2025-09-26 14:36:20,187][flwr][INFO] - Sent reply
[2025-09-26 14:36:24,014][flwr][INFO] - 
[2025-09-26 14:36:24,015][flwr][INFO] - Received: evaluate message 493d9f5b-1fd2-4e60-b0e9-454a32534e2e
[2025-09-26 14:36:26,177][client_fl][INFO] - test - {"fl_task_id": "clustertest", "client_mac": "f0:2f:74:96:d6:64", "client_name": "ccl-y-server", "round": 1, "test_loss": 0.0587603051507687, "test_accuracy": 0.9860833333333333, "gl_model_v": 6, "wandb_name": "ccl-y-server-v0(2025-09-26 13:47:28.230866)", "cluster_id": 0}
[2025-09-26 14:36:26,191][flwr][INFO] - Sent reply
[2025-09-26 14:36:26,749][flwr][INFO] - 
[2025-09-26 14:36:26,750][flwr][INFO] - Received: train message 752b57d9-84e8-4a65-bcfa-a67307c6ed79
[2025-09-26 14:37:03,981][client_fl][INFO] - train_performance - {"fl_task_id": "clustertest", "client_mac": "f0:2f:74:96:d6:64", "client_name": "ccl-y-server", "round": 2, "gl_model_v": 6, "train_loss": 0.0010430715739823944, "train_accuracy": 0.99975, "train_f1_score": 0.9997499953475206, "val_loss": 0.04276790944802687, "val_accuracy": 0.99175, "val_f1_score": 0.9917463294836123, "train_time": 37.21349835395813, "wandb_name": "ccl-y-server-v0(2025-09-26 13:47:28.230866)", "cluster_id": 0}
[2025-09-26 14:37:04,029][flwr][INFO] - Sent reply
[2025-09-26 14:37:07,845][flwr][INFO] - 
[2025-09-26 14:37:07,846][flwr][INFO] - Received: evaluate message 561d495d-9037-4d7e-b7d5-a53519bfca46
[2025-09-26 14:37:09,980][client_fl][INFO] - test - {"fl_task_id": "clustertest", "client_mac": "f0:2f:74:96:d6:64", "client_name": "ccl-y-server", "round": 2, "test_loss": 0.04700972739157534, "test_accuracy": 0.9910833333333333, "gl_model_v": 6, "wandb_name": "ccl-y-server-v0(2025-09-26 13:47:28.230866)", "cluster_id": 0}
[2025-09-26 14:37:09,993][flwr][INFO] - Sent reply
[2025-09-26 14:37:10,004][flwr][INFO] - 
[2025-09-26 14:37:10,005][flwr][INFO] - Received: reconnect message 0d9c8a88-0605-491b-a63c-fbcb695ec261
[2025-09-26 14:37:10,008][flwr][DEBUG] - gRPC channel closed
[2025-09-26 14:37:10,009][flwr][INFO] - Disconnect and shut down
[2025-09-26 14:37:10,011][root][INFO] - fl learning finished
[2025-09-26 14:37:13,015][root][ERROR] - wandb system load error: Could not find project MNIST_clustertest
[2025-09-26 14:37:13,017][root][INFO] - client_operation_time - {"fl_task_id": "clustertest", "client_mac": "f0:2f:74:96:d6:64", "client_name": "ccl-y-server", "operation_time": 67.09936952590942, "gl_model_v": 6}
[2025-09-26 14:37:13,033][root][INFO] - try notify_fin
[2025-09-26 14:37:13,053][root][INFO] - trainFin
[2025-09-26 14:37:13,054][root][INFO] - FL Client Learning Finish
[2025-09-26 14:48:14,707][root][INFO] - bulid model
[2025-09-26 14:48:14,707][root][INFO] - FL start
[2025-09-26 14:48:14,716][client_api][INFO] - FL_server_IP:port - ccl.gachon.ac.kr:40032
[2025-09-26 14:48:14,717][root][INFO] - FL learning ready
[2025-09-26 14:48:14,718][root][INFO] - fl_task_id: clustertest
[2025-09-26 14:48:14,718][root][INFO] - dataset: MNIST
[2025-09-26 14:48:14,718][root][INFO] - output_size: 10
[2025-09-26 14:48:14,718][root][INFO] - validation_split: 0.2
[2025-09-26 14:48:14,718][root][INFO] - model_type: Pytorch
[2025-09-26 14:48:14,718][root][INFO] - wandb_key: 38f6cf3c2c37660d42ebfe8ab434b72d34be3b31
[2025-09-26 14:48:14,718][root][INFO] - wandb_account: rirakang@gachon.ac.kr
[2025-09-26 14:48:16,953][flwr][WARNING] - DEPRECATED FEATURE: flwr.client.start_numpy_client() is deprecated. 
	Instead, use `flwr.client.start_client()` by ensuring you first call the `.to_client()` method as shown below: 
	flwr.client.start_client(
		server_address='<IP>:<PORT>',
		client=FlowerClient().to_client(), # <-- where FlowerClient is of type flwr.client.NumPyClient object
	)
	Using `start_numpy_client()` is deprecated.

            This is a deprecated feature. It will be removed
            entirely in future versions of Flower.
        
[2025-09-26 14:48:16,956][flwr][WARNING] - DEPRECATED FEATURE: flwr.client.start_client() is deprecated.
	Instead, use the `flower-supernode` CLI command to start a SuperNode as shown below:

		$ flower-supernode --insecure --superlink='<IP>:<PORT>'

	To view all available options, run:

		$ flower-supernode --help

	Using `start_client()` is deprecated.

            This is a deprecated feature. It will be removed
            entirely in future versions of Flower.
        
[2025-09-26 14:48:16,967][flwr][DEBUG] - Opened insecure gRPC connection (no certificates were passed)
[2025-09-26 14:48:16,970][flwr][DEBUG] - ChannelConnectivity.IDLE
[2025-09-26 14:48:16,970][flwr][DEBUG] - ChannelConnectivity.CONNECTING
[2025-09-26 14:48:17,006][flwr][DEBUG] - ChannelConnectivity.READY
[2025-09-26 14:48:17,017][flwr][DEBUG] - ChannelConnectivity.IDLE
[2025-09-26 14:48:17,219][flwr][DEBUG] - gRPC channel closed
[2025-09-26 14:48:17,244][root][INFO] - notify_fail start
[2025-09-26 14:48:17,256][root][ERROR] - trainFin
[2025-09-26 15:03:18,819][root][INFO] - bulid model
[2025-09-26 15:03:18,819][root][INFO] - FL start
[2025-09-26 15:03:18,825][client_api][INFO] - FL_server_IP:port - ccl.gachon.ac.kr:40032
[2025-09-26 15:03:18,826][root][INFO] - FL learning ready
[2025-09-26 15:03:18,827][root][INFO] - fl_task_id: clustertest
[2025-09-26 15:03:18,827][root][INFO] - dataset: MNIST
[2025-09-26 15:03:18,827][root][INFO] - output_size: 10
[2025-09-26 15:03:18,827][root][INFO] - validation_split: 0.2
[2025-09-26 15:03:18,827][root][INFO] - model_type: Pytorch
[2025-09-26 15:03:18,828][root][INFO] - wandb_key: 38f6cf3c2c37660d42ebfe8ab434b72d34be3b31
[2025-09-26 15:03:18,828][root][INFO] - wandb_account: rirakang@gachon.ac.kr
[2025-09-26 15:03:18,831][flwr][WARNING] - DEPRECATED FEATURE: flwr.client.start_numpy_client() is deprecated. 
	Instead, use `flwr.client.start_client()` by ensuring you first call the `.to_client()` method as shown below: 
	flwr.client.start_client(
		server_address='<IP>:<PORT>',
		client=FlowerClient().to_client(), # <-- where FlowerClient is of type flwr.client.NumPyClient object
	)
	Using `start_numpy_client()` is deprecated.

            This is a deprecated feature. It will be removed
            entirely in future versions of Flower.
        
[2025-09-26 15:03:18,833][flwr][WARNING] - DEPRECATED FEATURE: flwr.client.start_client() is deprecated.
	Instead, use the `flower-supernode` CLI command to start a SuperNode as shown below:

		$ flower-supernode --insecure --superlink='<IP>:<PORT>'

	To view all available options, run:

		$ flower-supernode --help

	Using `start_client()` is deprecated.

            This is a deprecated feature. It will be removed
            entirely in future versions of Flower.
        
[2025-09-26 15:03:18,834][flwr][DEBUG] - Opened insecure gRPC connection (no certificates were passed)
[2025-09-26 15:03:18,837][flwr][DEBUG] - ChannelConnectivity.IDLE
[2025-09-26 15:03:18,871][flwr][DEBUG] - ChannelConnectivity.CONNECTING
[2025-09-26 15:03:18,873][flwr][DEBUG] - ChannelConnectivity.READY
[2025-09-26 15:03:19,799][flwr][INFO] - 
[2025-09-26 15:03:19,800][flwr][INFO] - Received: train message be934501-02f6-4143-b34d-6ba6bc25bad8
[2025-09-26 15:03:36,125][client_fl][INFO] - train_performance - {"fl_task_id": "clustertest", "client_mac": "f0:2f:74:96:d6:64", "client_name": "ccl-y-server", "round": 1, "gl_model_v": 7, "train_loss": 0.0015072988913205814, "train_accuracy": 0.9996666666666667, "train_f1_score": 0.9996666537054454, "val_loss": 0.03312938368450906, "val_accuracy": 0.9924166666666666, "val_f1_score": 0.9924163104759605, "train_time": 16.300020694732666, "wandb_name": "ccl-y-server-v0(2025-09-26 13:47:28.230866)", "cluster_id": 0}
[2025-09-26 15:03:36,193][flwr][INFO] - Sent reply
[2025-09-26 15:03:40,250][flwr][INFO] - 
[2025-09-26 15:03:40,251][flwr][INFO] - Received: evaluate message 86ab93ff-7d5b-4ddb-8797-8c23bb0e3cdf
[2025-09-26 15:03:42,357][client_fl][INFO] - test - {"fl_task_id": "clustertest", "client_mac": "f0:2f:74:96:d6:64", "client_name": "ccl-y-server", "round": 1, "test_loss": 0.03704156220950647, "test_accuracy": 0.9910833333333333, "gl_model_v": 7, "wandb_name": "ccl-y-server-v0(2025-09-26 13:47:28.230866)", "cluster_id": 0}
[2025-09-26 15:03:42,371][flwr][INFO] - Sent reply
[2025-09-26 15:05:12,352][flwr][INFO] - 
[2025-09-26 15:05:12,353][flwr][INFO] - Received: evaluate message 977f553a-668f-4aeb-b6b7-4bd54d23a913
[2025-09-26 15:05:14,470][client_fl][INFO] - test - {"fl_task_id": "clustertest", "client_mac": "f0:2f:74:96:d6:64", "client_name": "ccl-y-server", "round": 2, "test_loss": 0.03793307433574847, "test_accuracy": 0.99175, "gl_model_v": 7, "wandb_name": "ccl-y-server-v0(2025-09-26 13:47:28.230866)", "cluster_id": 0}
[2025-09-26 15:05:14,482][flwr][INFO] - Sent reply
[2025-09-26 15:05:14,494][flwr][INFO] - 
[2025-09-26 15:05:14,495][flwr][INFO] - Received: reconnect message f4171125-454e-41cc-9be8-c217a21f8e66
[2025-09-26 15:05:14,507][flwr][DEBUG] - gRPC channel closed
[2025-09-26 15:05:14,508][flwr][INFO] - Disconnect and shut down
[2025-09-26 15:05:14,536][root][INFO] - fl learning finished
[2025-09-26 15:05:17,600][root][ERROR] - wandb system load error: Could not find project MNIST_clustertest
[2025-09-26 15:05:17,603][root][INFO] - client_operation_time - {"fl_task_id": "clustertest", "client_mac": "f0:2f:74:96:d6:64", "client_name": "ccl-y-server", "operation_time": 115.70798754692078, "gl_model_v": 7}
[2025-09-26 15:05:17,618][root][INFO] - try notify_fin
[2025-09-26 15:05:17,636][root][INFO] - trainFin
[2025-09-26 15:05:17,636][root][INFO] - FL Client Learning Finish
[2025-09-26 15:27:24,867][root][INFO] - bulid model
[2025-09-26 15:27:24,867][root][INFO] - FL start
[2025-09-26 15:27:24,876][client_api][INFO] - FL_server_IP:port - ccl.gachon.ac.kr:40032
[2025-09-26 15:27:24,877][root][INFO] - FL learning ready
[2025-09-26 15:27:24,877][root][INFO] - fl_task_id: clustertest
[2025-09-26 15:27:24,877][root][INFO] - dataset: MNIST
[2025-09-26 15:27:24,877][root][INFO] - output_size: 10
[2025-09-26 15:27:24,878][root][INFO] - validation_split: 0.2
[2025-09-26 15:27:24,878][root][INFO] - model_type: Pytorch
[2025-09-26 15:27:24,878][root][INFO] - wandb_key: 38f6cf3c2c37660d42ebfe8ab434b72d34be3b31
[2025-09-26 15:27:24,878][root][INFO] - wandb_account: rirakang@gachon.ac.kr
[2025-09-26 15:27:26,321][flwr][WARNING] - DEPRECATED FEATURE: flwr.client.start_numpy_client() is deprecated. 
	Instead, use `flwr.client.start_client()` by ensuring you first call the `.to_client()` method as shown below: 
	flwr.client.start_client(
		server_address='<IP>:<PORT>',
		client=FlowerClient().to_client(), # <-- where FlowerClient is of type flwr.client.NumPyClient object
	)
	Using `start_numpy_client()` is deprecated.

            This is a deprecated feature. It will be removed
            entirely in future versions of Flower.
        
[2025-09-26 15:27:26,323][flwr][WARNING] - DEPRECATED FEATURE: flwr.client.start_client() is deprecated.
	Instead, use the `flower-supernode` CLI command to start a SuperNode as shown below:

		$ flower-supernode --insecure --superlink='<IP>:<PORT>'

	To view all available options, run:

		$ flower-supernode --help

	Using `start_client()` is deprecated.

            This is a deprecated feature. It will be removed
            entirely in future versions of Flower.
        
[2025-09-26 15:27:26,330][flwr][DEBUG] - Opened insecure gRPC connection (no certificates were passed)
[2025-09-26 15:27:26,368][flwr][DEBUG] - ChannelConnectivity.IDLE
[2025-09-26 15:27:26,371][flwr][DEBUG] - ChannelConnectivity.CONNECTING
[2025-09-26 15:27:26,373][flwr][DEBUG] - ChannelConnectivity.READY
[2025-09-26 15:31:03,734][flwr][INFO] - 
[2025-09-26 15:31:03,735][flwr][INFO] - Received: reconnect message e9fdbe56-874b-4aec-b77b-02410155f64c
[2025-09-26 15:31:03,740][flwr][DEBUG] - gRPC channel closed
[2025-09-26 15:31:03,740][flwr][INFO] - Disconnect and shut down
[2025-09-26 15:31:03,741][root][INFO] - fl learning finished
[2025-09-26 15:31:06,774][root][ERROR] - wandb system load error: Could not find project MNIST_clustertest
[2025-09-26 15:31:06,775][root][INFO] - client_operation_time - {"fl_task_id": "clustertest", "client_mac": "f0:2f:74:96:d6:64", "client_name": "ccl-y-server", "operation_time": 217.42108058929443, "gl_model_v": 8}
[2025-09-26 15:31:06,786][root][INFO] - try notify_fin
[2025-09-26 15:31:06,800][root][INFO] - trainFin
[2025-09-26 15:31:06,800][root][INFO] - FL Client Learning Finish
[2025-09-26 16:25:07,511][root][INFO] - bulid model
[2025-09-26 16:25:07,511][root][INFO] - FL start
[2025-09-26 16:25:07,520][client_api][INFO] - FL_server_IP:port - ccl.gachon.ac.kr:40032
[2025-09-26 16:25:07,521][root][INFO] - FL learning ready
[2025-09-26 16:25:07,521][root][INFO] - fl_task_id: clustertest
[2025-09-26 16:25:07,521][root][INFO] - dataset: MNIST
[2025-09-26 16:25:07,521][root][INFO] - output_size: 10
[2025-09-26 16:25:07,521][root][INFO] - validation_split: 0.2
[2025-09-26 16:25:07,521][root][INFO] - model_type: Pytorch
[2025-09-26 16:25:07,521][root][INFO] - wandb_key: 38f6cf3c2c37660d42ebfe8ab434b72d34be3b31
[2025-09-26 16:25:07,522][root][INFO] - wandb_account: rirakang@gachon.ac.kr
[2025-09-26 16:25:09,016][flwr][WARNING] - DEPRECATED FEATURE: flwr.client.start_numpy_client() is deprecated. 
	Instead, use `flwr.client.start_client()` by ensuring you first call the `.to_client()` method as shown below: 
	flwr.client.start_client(
		server_address='<IP>:<PORT>',
		client=FlowerClient().to_client(), # <-- where FlowerClient is of type flwr.client.NumPyClient object
	)
	Using `start_numpy_client()` is deprecated.

            This is a deprecated feature. It will be removed
            entirely in future versions of Flower.
        
[2025-09-26 16:25:09,019][flwr][WARNING] - DEPRECATED FEATURE: flwr.client.start_client() is deprecated.
	Instead, use the `flower-supernode` CLI command to start a SuperNode as shown below:

		$ flower-supernode --insecure --superlink='<IP>:<PORT>'

	To view all available options, run:

		$ flower-supernode --help

	Using `start_client()` is deprecated.

            This is a deprecated feature. It will be removed
            entirely in future versions of Flower.
        
[2025-09-26 16:25:09,022][flwr][DEBUG] - Opened insecure gRPC connection (no certificates were passed)
[2025-09-26 16:25:09,061][flwr][DEBUG] - ChannelConnectivity.IDLE
[2025-09-26 16:25:09,065][flwr][DEBUG] - ChannelConnectivity.CONNECTING
[2025-09-26 16:25:09,066][flwr][DEBUG] - ChannelConnectivity.READY
[2025-09-26 16:25:09,698][flwr][INFO] - 
[2025-09-26 16:25:09,699][flwr][INFO] - Received: train message 7e58feaa-2af3-42f4-aa26-ee92b47e7a6f
[2025-09-26 16:25:45,710][client_fl][INFO] - train_performance - {"fl_task_id": "clustertest", "client_mac": "f0:2f:74:96:d6:64", "client_name": "ccl-y-server", "round": 1, "gl_model_v": 9, "train_loss": 0.05219239404342155, "train_accuracy": 0.9854722222222222, "train_f1_score": 0.9854644658868397, "val_loss": 0.08336665941045639, "val_accuracy": 0.9780833333333333, "val_f1_score": 0.9780619270085864, "train_time": 35.99054789543152, "wandb_name": "ccl-y-server-v0(2025-09-26 13:47:28.230866)", "cluster_id": 0}
[2025-09-26 16:25:45,788][flwr][INFO] - Sent reply
[2025-09-26 16:25:55,901][flwr][INFO] - 
[2025-09-26 16:25:55,901][flwr][INFO] - Received: train message 43bc89f4-16b7-4c2d-9369-a7742e5151f7
[2025-09-26 16:26:33,187][client_fl][INFO] - train_performance - {"fl_task_id": "clustertest", "client_mac": "f0:2f:74:96:d6:64", "client_name": "ccl-y-server", "round": 1, "gl_model_v": 9, "train_loss": 0.010161481105983815, "train_accuracy": 0.9973055555555556, "train_f1_score": 0.9973055960209793, "val_loss": 0.04012958466030776, "val_accuracy": 0.9893333333333333, "val_f1_score": 0.989334157908037, "train_time": 37.26702284812927, "wandb_name": "ccl-y-server-v0(2025-09-26 13:47:28.230866)", "cluster_id": 0}
[2025-09-26 16:26:33,229][flwr][INFO] - Sent reply
[2025-09-26 16:26:37,443][flwr][INFO] - 
[2025-09-26 16:26:37,444][flwr][INFO] - Received: evaluate message f9f24c99-d948-4781-94ec-148230b38b41
[2025-09-26 16:26:39,513][client_fl][INFO] - test - {"fl_task_id": "clustertest", "client_mac": "f0:2f:74:96:d6:64", "client_name": "ccl-y-server", "round": 1, "test_loss": 0.054220787554786126, "test_accuracy": 0.9881666666666666, "gl_model_v": 9, "wandb_name": "ccl-y-server-v0(2025-09-26 13:47:28.230866)", "cluster_id": 0}
[2025-09-26 16:26:39,524][flwr][INFO] - Sent reply
[2025-09-26 16:26:39,540][flwr][INFO] - 
[2025-09-26 16:26:39,541][flwr][INFO] - Received: reconnect message f34c72a8-9328-4c87-9899-f8d629c7cb65
[2025-09-26 16:26:39,545][flwr][DEBUG] - gRPC channel closed
[2025-09-26 16:26:39,547][flwr][INFO] - Disconnect and shut down
[2025-09-26 16:26:39,549][root][INFO] - fl learning finished
[2025-09-26 16:26:42,480][root][ERROR] - wandb system load error: Could not find project MNIST_clustertest
[2025-09-26 16:26:42,482][root][INFO] - client_operation_time - {"fl_task_id": "clustertest", "client_mac": "f0:2f:74:96:d6:64", "client_name": "ccl-y-server", "operation_time": 90.53459668159485, "gl_model_v": 9}
[2025-09-26 16:26:42,496][root][INFO] - try notify_fin
[2025-09-26 16:26:42,513][root][INFO] - trainFin
[2025-09-26 16:26:42,514][root][INFO] - FL Client Learning Finish
[2025-09-26 17:06:23,879][root][INFO] - bulid model
[2025-09-26 17:06:23,879][root][INFO] - FL start
[2025-09-26 17:06:23,888][client_api][INFO] - FL_server_IP:port - ccl.gachon.ac.kr:40032
[2025-09-26 17:06:23,889][root][INFO] - FL learning ready
[2025-09-26 17:06:23,889][root][INFO] - fl_task_id: clustertest
[2025-09-26 17:06:23,889][root][INFO] - dataset: MNIST
[2025-09-26 17:06:23,890][root][INFO] - output_size: 10
[2025-09-26 17:06:23,890][root][INFO] - validation_split: 0.2
[2025-09-26 17:06:23,890][root][INFO] - model_type: Pytorch
[2025-09-26 17:06:23,890][root][INFO] - wandb_key: 38f6cf3c2c37660d42ebfe8ab434b72d34be3b31
[2025-09-26 17:06:23,890][root][INFO] - wandb_account: rirakang@gachon.ac.kr
[2025-09-26 17:06:25,401][flwr][WARNING] - DEPRECATED FEATURE: flwr.client.start_numpy_client() is deprecated. 
	Instead, use `flwr.client.start_client()` by ensuring you first call the `.to_client()` method as shown below: 
	flwr.client.start_client(
		server_address='<IP>:<PORT>',
		client=FlowerClient().to_client(), # <-- where FlowerClient is of type flwr.client.NumPyClient object
	)
	Using `start_numpy_client()` is deprecated.

            This is a deprecated feature. It will be removed
            entirely in future versions of Flower.
        
[2025-09-26 17:06:25,412][flwr][WARNING] - DEPRECATED FEATURE: flwr.client.start_client() is deprecated.
	Instead, use the `flower-supernode` CLI command to start a SuperNode as shown below:

		$ flower-supernode --insecure --superlink='<IP>:<PORT>'

	To view all available options, run:

		$ flower-supernode --help

	Using `start_client()` is deprecated.

            This is a deprecated feature. It will be removed
            entirely in future versions of Flower.
        
[2025-09-26 17:06:25,415][flwr][DEBUG] - Opened insecure gRPC connection (no certificates were passed)
[2025-09-26 17:06:25,453][flwr][DEBUG] - ChannelConnectivity.IDLE
[2025-09-26 17:06:25,457][flwr][DEBUG] - ChannelConnectivity.READY
[2025-09-26 17:06:26,046][flwr][INFO] - 
[2025-09-26 17:06:26,048][flwr][INFO] - Received: train message ee796438-8708-47cb-8ca2-6f7e7c0369cb
[2025-09-26 17:06:42,350][client_fl][INFO] - train_performance - {"fl_task_id": "clustertest", "client_mac": "f0:2f:74:96:d6:64", "client_name": "ccl-y-server", "round": 1, "gl_model_v": 10, "train_loss": 0.02867853070653625, "train_accuracy": 0.9916944444444444, "train_f1_score": 0.9916953932122214, "val_loss": 0.05903423760839282, "val_accuracy": 0.9844166666666667, "val_f1_score": 0.9844205550278659, "train_time": 16.278589487075806, "wandb_name": "ccl-y-server-v0(2025-09-26 13:47:28.230866)", "cluster_id": 0}
[2025-09-26 17:06:42,410][flwr][INFO] - Sent reply
[2025-09-26 17:08:03,917][flwr][INFO] - 
[2025-09-26 17:08:03,918][flwr][INFO] - Received: reconnect message c4a85dd0-14b5-4a5f-8df6-b2b9cce1bd9a
[2025-09-26 17:08:03,926][flwr][DEBUG] - gRPC channel closed
[2025-09-26 17:08:03,927][flwr][INFO] - Disconnect and shut down
[2025-09-26 17:08:03,929][root][INFO] - fl learning finished
[2025-09-26 17:08:07,009][root][ERROR] - wandb system load error: Could not find project MNIST_clustertest
[2025-09-26 17:08:07,012][root][INFO] - client_operation_time - {"fl_task_id": "clustertest", "client_mac": "f0:2f:74:96:d6:64", "client_name": "ccl-y-server", "operation_time": 98.52992725372314, "gl_model_v": 10}
[2025-09-26 17:08:07,027][root][INFO] - try notify_fin
[2025-09-26 17:08:07,045][root][INFO] - trainFin
[2025-09-26 17:08:07,046][root][INFO] - FL Client Learning Finish
