[2025-09-24 20:15:09,844][root][INFO] - FL_Task - {"dataset": "MNIST", "start_execution_time": "2025-09-24 20:15:09"}
[2025-09-24 20:15:10,001][__main__][INFO] - data loaded
[2025-09-24 20:15:10,028][__main__][INFO] - Latest Local Model download
[2025-09-24 20:15:10,029][root][INFO] - downloaded local_model_name: MNISTClassifier_local_model_V2.pth
[2025-09-24 20:15:10,100][root][INFO] - init model_type: Pytorch
[2025-09-24 20:15:27,555][root][INFO] - bulid model
[2025-09-24 20:15:27,555][root][INFO] - FL start
[2025-09-24 20:15:27,563][client_api][INFO] - FL_server_IP:port - ccl.gachon.ac.kr:40025
[2025-09-24 20:15:27,564][root][INFO] - FL learning ready
[2025-09-24 20:15:27,564][root][INFO] - fl_task_id: clustertest
[2025-09-24 20:15:27,564][root][INFO] - dataset: MNIST
[2025-09-24 20:15:27,564][root][INFO] - output_size: 10
[2025-09-24 20:15:27,564][root][INFO] - validation_split: 0.2
[2025-09-24 20:15:27,565][root][INFO] - model_type: Pytorch
[2025-09-24 20:15:27,565][root][INFO] - wandb_key: 38f6cf3c2c37660d42ebfe8ab434b72d34be3b31
[2025-09-24 20:15:27,565][root][INFO] - wandb_account: rirakang@gachon.ac.kr
[2025-09-24 20:15:29,790][flwr][WARNING] - DEPRECATED FEATURE: flwr.client.start_numpy_client() is deprecated. 
	Instead, use `flwr.client.start_client()` by ensuring you first call the `.to_client()` method as shown below: 
	flwr.client.start_client(
		server_address='<IP>:<PORT>',
		client=FlowerClient().to_client(), # <-- where FlowerClient is of type flwr.client.NumPyClient object
	)
	Using `start_numpy_client()` is deprecated.

            This is a deprecated feature. It will be removed
            entirely in future versions of Flower.
        
[2025-09-24 20:15:29,792][flwr][WARNING] - DEPRECATED FEATURE: flwr.client.start_client() is deprecated.
	Instead, use the `flower-supernode` CLI command to start a SuperNode as shown below:

		$ flower-supernode --insecure --superlink='<IP>:<PORT>'

	To view all available options, run:

		$ flower-supernode --help

	Using `start_client()` is deprecated.

            This is a deprecated feature. It will be removed
            entirely in future versions of Flower.
        
[2025-09-24 20:15:29,865][flwr][DEBUG] - Opened insecure gRPC connection (no certificates were passed)
[2025-09-24 20:15:29,886][flwr][DEBUG] - ChannelConnectivity.IDLE
[2025-09-24 20:15:29,887][flwr][DEBUG] - ChannelConnectivity.CONNECTING
[2025-09-24 20:15:30,005][flwr][DEBUG] - ChannelConnectivity.TRANSIENT_FAILURE
[2025-09-24 20:15:30,207][flwr][DEBUG] - gRPC channel closed
[2025-09-24 20:15:30,229][root][INFO] - notify_fail start
[2025-09-24 20:15:30,243][root][ERROR] - trainFin
[2025-09-24 20:18:11,909][root][INFO] - bulid model
[2025-09-24 20:18:11,909][root][INFO] - FL start
[2025-09-24 20:18:11,917][client_api][INFO] - FL_server_IP:port - ccl.gachon.ac.kr:40025
[2025-09-24 20:18:11,918][root][INFO] - FL learning ready
[2025-09-24 20:18:11,918][root][INFO] - fl_task_id: clustertest
[2025-09-24 20:18:11,918][root][INFO] - dataset: MNIST
[2025-09-24 20:18:11,918][root][INFO] - output_size: 10
[2025-09-24 20:18:11,918][root][INFO] - validation_split: 0.2
[2025-09-24 20:18:11,919][root][INFO] - model_type: Pytorch
[2025-09-24 20:18:11,919][root][INFO] - wandb_key: 38f6cf3c2c37660d42ebfe8ab434b72d34be3b31
[2025-09-24 20:18:11,919][root][INFO] - wandb_account: rirakang@gachon.ac.kr
[2025-09-24 20:18:11,938][flwr][WARNING] - DEPRECATED FEATURE: flwr.client.start_numpy_client() is deprecated. 
	Instead, use `flwr.client.start_client()` by ensuring you first call the `.to_client()` method as shown below: 
	flwr.client.start_client(
		server_address='<IP>:<PORT>',
		client=FlowerClient().to_client(), # <-- where FlowerClient is of type flwr.client.NumPyClient object
	)
	Using `start_numpy_client()` is deprecated.

            This is a deprecated feature. It will be removed
            entirely in future versions of Flower.
        
[2025-09-24 20:18:11,938][flwr][WARNING] - DEPRECATED FEATURE: flwr.client.start_client() is deprecated.
	Instead, use the `flower-supernode` CLI command to start a SuperNode as shown below:

		$ flower-supernode --insecure --superlink='<IP>:<PORT>'

	To view all available options, run:

		$ flower-supernode --help

	Using `start_client()` is deprecated.

            This is a deprecated feature. It will be removed
            entirely in future versions of Flower.
        
[2025-09-24 20:18:11,939][flwr][DEBUG] - Opened insecure gRPC connection (no certificates were passed)
[2025-09-24 20:18:12,085][flwr][DEBUG] - ChannelConnectivity.IDLE
[2025-09-24 20:18:12,128][flwr][DEBUG] - ChannelConnectivity.READY
[2025-09-24 20:18:12,675][flwr][INFO] - 
[2025-09-24 20:18:12,677][flwr][INFO] - Received: train message 45892620-ee16-49b0-8d82-00cb681b44db
[2025-09-24 20:21:09,368][client_fl][INFO] - train_performance - {"fl_task_id": "clustertest", "client_mac": "43:56:51:a9:43:53", "client_name": "ccl-x-server", "round": 1, "gl_model_v": 2, "train_loss": 0.018053927481730594, "train_accuracy": 0.9942777777777778, "train_f1_score": 0.9942775117304586, "val_loss": 0.05757409751791745, "val_accuracy": 0.9858333333333333, "val_f1_score": 0.9858366113376843, "train_time": 176.4545955657959, "wandb_name": "ccl-x-server-v0(2025-09-24 20:15:10.102307)", "cluster_id": 0}
[2025-09-24 20:21:09,459][flwr][INFO] - Sent reply
[2025-09-24 20:21:13,222][flwr][INFO] - 
[2025-09-24 20:21:13,222][flwr][INFO] - Received: evaluate message 86c0f71f-8696-4e9d-945e-de54e72e3ab3
[2025-09-24 20:21:23,065][client_fl][INFO] - test - {"fl_task_id": "clustertest", "client_mac": "43:56:51:a9:43:53", "client_name": "ccl-x-server", "round": 1, "test_loss": 0.06169186067826887, "test_accuracy": 0.9845, "gl_model_v": 2, "wandb_name": "ccl-x-server-v0(2025-09-24 20:15:10.102307)", "cluster_id": 0}
[2025-09-24 20:21:23,085][flwr][INFO] - Sent reply
[2025-09-24 20:21:23,640][flwr][INFO] - 
[2025-09-24 20:21:23,654][flwr][INFO] - Received: train message d1eb56a3-c869-42bb-b901-790f02827e53
[2025-09-24 20:22:23,582][client_fl][INFO] - train_performance - {"fl_task_id": "clustertest", "client_mac": "43:56:51:a9:43:53", "client_name": "ccl-x-server", "round": 2, "gl_model_v": 2, "train_loss": 0.012271233959604324, "train_accuracy": 0.9961388888888889, "train_f1_score": 0.9961391902092787, "val_loss": 0.04998852445327855, "val_accuracy": 0.9868333333333333, "val_f1_score": 0.986839867862398, "train_time": 59.90780210494995, "wandb_name": "ccl-x-server-v0(2025-09-24 20:15:10.102307)", "cluster_id": 0}
[2025-09-24 20:22:23,652][flwr][INFO] - Sent reply
[2025-09-24 20:22:27,450][flwr][INFO] - 
[2025-09-24 20:22:27,462][flwr][INFO] - Received: evaluate message 92f54cfd-138d-454e-9500-db1f538384f6
[2025-09-24 20:22:34,493][client_fl][INFO] - test - {"fl_task_id": "clustertest", "client_mac": "43:56:51:a9:43:53", "client_name": "ccl-x-server", "round": 2, "test_loss": 0.05392162708387254, "test_accuracy": 0.9866666666666667, "gl_model_v": 2, "wandb_name": "ccl-x-server-v0(2025-09-24 20:15:10.102307)", "cluster_id": 0}
[2025-09-24 20:22:34,574][flwr][INFO] - Sent reply
[2025-09-24 20:22:34,590][flwr][INFO] - 
[2025-09-24 20:22:34,591][flwr][INFO] - Received: reconnect message c01b11cd-a98c-4ea4-98a2-de854d0b4e71
[2025-09-24 20:22:34,609][flwr][DEBUG] - gRPC channel closed
[2025-09-24 20:22:34,609][flwr][INFO] - Disconnect and shut down
[2025-09-24 20:22:34,610][root][INFO] - fl learning finished
[2025-09-24 20:22:37,396][root][ERROR] - wandb system load error: Could not find project MNIST_clustertest
[2025-09-24 20:22:37,397][root][INFO] - client_operation_time - {"fl_task_id": "clustertest", "client_mac": "43:56:51:a9:43:53", "client_name": "ccl-x-server", "operation_time": 262.673287153244, "gl_model_v": 2}
[2025-09-24 20:22:37,409][root][INFO] - try notify_fin
[2025-09-24 20:22:37,420][root][INFO] - trainFin
[2025-09-24 20:22:37,420][root][INFO] - FL Client Learning Finish
[2025-09-24 20:30:48,913][root][INFO] - ccl-x-server;43:56:51:a9:43:53-client close
