[2025-09-12 12:01:30,065][root][ERROR] - No read global model
[2025-09-12 12:01:30,066][root][INFO] - gl_model: None, gl_model_v: 0
[2025-09-12 12:01:30,086][root][INFO] - last_gl_model_v: 0
[2025-09-12 12:01:30,086][root][INFO] - init global model making
[2025-09-12 12:01:30,377][flwr][WARNING] - DEPRECATED FEATURE: flwr.server.start_server() is deprecated.
	Instead, use the `flower-superlink` CLI command to start a SuperLink as shown below:

		$ flower-superlink --insecure

	To view usage and all available options, run:

		$ flower-superlink --help

	Using `start_server()` is deprecated.

            This is a deprecated feature. It will be removed
            entirely in future versions of Flower.
        
[2025-09-12 12:01:30,421][flwr][INFO] - Starting Flower server, config: num_rounds=20, no round_timeout
[2025-09-12 12:01:30,434][flwr][INFO] - Flower ECE: gRPC server running (20 rounds), SSL is disabled
[2025-09-12 12:01:30,434][flwr][INFO] - [INIT]
[2025-09-12 12:01:30,434][flwr][INFO] - Using initial global parameters provided by strategy
[2025-09-12 12:01:30,434][flwr][INFO] - Starting evaluation of initial global parameters
[2025-09-12 12:01:37,212][flwr][INFO] - initial parameters (loss, other metrics): 2.300266730634472, {'accuracy': 0.0818, 'f1_score': 0.028213480888784205}
[2025-09-12 12:01:37,218][flwr][INFO] - 
[2025-09-12 12:01:37,218][flwr][INFO] - [ROUND 1]
[2025-09-12 12:01:37,219][root][INFO] - server start by round
[2025-09-12 12:05:58,868][flwr][INFO] - Flower server terminated gracefully.
[2025-09-12 12:05:58,868][root][INFO] - server close
[2025-09-12 12:05:58,877][root][INFO] - global model version upgrade
