[2025-09-30 10:47:19,318][root][INFO] - {"dataset": "MNIST", "start_execution_time": "2025-09-30 10:47:19", "client_id": 2, "num_clients": 3, "partition": "dirichlet:0.1", "seed": 42}
[2025-09-30 10:47:19,380][__main__][INFO] - data loaded
[2025-09-30 10:47:19,400][root][INFO] - init model_type: Pytorch
[2025-09-30 10:51:22,157][root][INFO] - bulid model
[2025-09-30 10:51:22,157][root][INFO] - FL start
[2025-09-30 10:51:22,165][client_api][INFO] - FL_server_IP:port - ccl.gachon.ac.kr:40002
[2025-09-30 10:51:22,166][root][INFO] - FL learning ready
[2025-09-30 10:51:22,166][root][INFO] - fl_task_id: cluster2
[2025-09-30 10:51:22,166][root][INFO] - dataset: MNIST
[2025-09-30 10:51:22,166][root][INFO] - output_size: 10
[2025-09-30 10:51:22,166][root][INFO] - validation_split: 0.2
[2025-09-30 10:51:22,166][root][INFO] - model_type: Pytorch
[2025-09-30 10:51:22,166][root][INFO] - wandb_key: 38f6cf3c2c37660d42ebfe8ab434b72d34be3b31
[2025-09-30 10:51:22,166][root][INFO] - wandb_account: rirakang@gachon.ac.kr
[2025-09-30 10:51:24,081][flwr][WARNING] - DEPRECATED FEATURE: flwr.client.start_numpy_client() is deprecated. 
	Instead, use `flwr.client.start_client()` by ensuring you first call the `.to_client()` method as shown below: 
	flwr.client.start_client(
		server_address='<IP>:<PORT>',
		client=FlowerClient().to_client(), # <-- where FlowerClient is of type flwr.client.NumPyClient object
	)
	Using `start_numpy_client()` is deprecated.

            This is a deprecated feature. It will be removed
            entirely in future versions of Flower.
        
[2025-09-30 10:51:24,084][flwr][WARNING] - DEPRECATED FEATURE: flwr.client.start_client() is deprecated.
	Instead, use the `flower-supernode` CLI command to start a SuperNode as shown below:

		$ flower-supernode --insecure --superlink='<IP>:<PORT>'

	To view all available options, run:

		$ flower-supernode --help

	Using `start_client()` is deprecated.

            This is a deprecated feature. It will be removed
            entirely in future versions of Flower.
        
[2025-09-30 10:51:24,114][flwr][DEBUG] - Opened insecure gRPC connection (no certificates were passed)
[2025-09-30 10:51:24,115][flwr][DEBUG] - ChannelConnectivity.IDLE
[2025-09-30 10:51:24,116][flwr][DEBUG] - ChannelConnectivity.CONNECTING
[2025-09-30 10:51:24,262][flwr][DEBUG] - ChannelConnectivity.TRANSIENT_FAILURE
[2025-09-30 10:51:24,464][flwr][DEBUG] - gRPC channel closed
[2025-09-30 10:51:24,478][root][INFO] - notify_fail start
[2025-09-30 10:51:24,497][root][ERROR] - trainFin
[2025-09-30 10:58:21,277][root][INFO] - bulid model
[2025-09-30 10:58:21,277][root][INFO] - FL start
[2025-09-30 10:58:21,285][client_api][INFO] - FL_server_IP:port - ccl.gachon.ac.kr:40032
[2025-09-30 10:58:21,287][root][INFO] - FL learning ready
[2025-09-30 10:58:21,287][root][INFO] - fl_task_id: cluster2
[2025-09-30 10:58:21,287][root][INFO] - dataset: MNIST
[2025-09-30 10:58:21,287][root][INFO] - output_size: 10
[2025-09-30 10:58:21,288][root][INFO] - validation_split: 0.2
[2025-09-30 10:58:21,288][root][INFO] - model_type: Pytorch
[2025-09-30 10:58:21,288][root][INFO] - wandb_key: 38f6cf3c2c37660d42ebfe8ab434b72d34be3b31
[2025-09-30 10:58:21,288][root][INFO] - wandb_account: rirakang@gachon.ac.kr
[2025-09-30 10:58:21,294][flwr][WARNING] - DEPRECATED FEATURE: flwr.client.start_numpy_client() is deprecated. 
	Instead, use `flwr.client.start_client()` by ensuring you first call the `.to_client()` method as shown below: 
	flwr.client.start_client(
		server_address='<IP>:<PORT>',
		client=FlowerClient().to_client(), # <-- where FlowerClient is of type flwr.client.NumPyClient object
	)
	Using `start_numpy_client()` is deprecated.

            This is a deprecated feature. It will be removed
            entirely in future versions of Flower.
        
[2025-09-30 10:58:21,295][flwr][WARNING] - DEPRECATED FEATURE: flwr.client.start_client() is deprecated.
	Instead, use the `flower-supernode` CLI command to start a SuperNode as shown below:

		$ flower-supernode --insecure --superlink='<IP>:<PORT>'

	To view all available options, run:

		$ flower-supernode --help

	Using `start_client()` is deprecated.

            This is a deprecated feature. It will be removed
            entirely in future versions of Flower.
        
[2025-09-30 10:58:21,297][flwr][DEBUG] - Opened insecure gRPC connection (no certificates were passed)
[2025-09-30 10:58:21,338][flwr][DEBUG] - ChannelConnectivity.IDLE
[2025-09-30 10:58:21,341][flwr][DEBUG] - ChannelConnectivity.CONNECTING
[2025-09-30 10:58:21,342][flwr][DEBUG] - ChannelConnectivity.READY
[2025-09-30 11:05:32,391][flwr][DEBUG] - gRPC channel closed
[2025-09-30 11:05:32,397][root][INFO] - notify_fail start
[2025-09-30 11:05:32,414][root][ERROR] - trainFin
[2025-09-30 11:09:25,061][root][INFO] - bulid model
[2025-09-30 11:09:25,062][root][INFO] - FL start
[2025-09-30 11:09:25,071][client_api][INFO] - FL_server_IP:port - ccl.gachon.ac.kr:40032
[2025-09-30 11:09:25,073][root][INFO] - FL learning ready
[2025-09-30 11:09:25,073][root][INFO] - fl_task_id: cluster2
[2025-09-30 11:09:25,073][root][INFO] - dataset: MNIST
[2025-09-30 11:09:25,074][root][INFO] - output_size: 10
[2025-09-30 11:09:25,074][root][INFO] - validation_split: 0.2
[2025-09-30 11:09:25,074][root][INFO] - model_type: Pytorch
[2025-09-30 11:09:25,074][root][INFO] - wandb_key: 38f6cf3c2c37660d42ebfe8ab434b72d34be3b31
[2025-09-30 11:09:25,074][root][INFO] - wandb_account: rirakang@gachon.ac.kr
[2025-09-30 11:09:25,081][flwr][WARNING] - DEPRECATED FEATURE: flwr.client.start_numpy_client() is deprecated. 
	Instead, use `flwr.client.start_client()` by ensuring you first call the `.to_client()` method as shown below: 
	flwr.client.start_client(
		server_address='<IP>:<PORT>',
		client=FlowerClient().to_client(), # <-- where FlowerClient is of type flwr.client.NumPyClient object
	)
	Using `start_numpy_client()` is deprecated.

            This is a deprecated feature. It will be removed
            entirely in future versions of Flower.
        
[2025-09-30 11:09:25,082][flwr][WARNING] - DEPRECATED FEATURE: flwr.client.start_client() is deprecated.
	Instead, use the `flower-supernode` CLI command to start a SuperNode as shown below:

		$ flower-supernode --insecure --superlink='<IP>:<PORT>'

	To view all available options, run:

		$ flower-supernode --help

	Using `start_client()` is deprecated.

            This is a deprecated feature. It will be removed
            entirely in future versions of Flower.
        
[2025-09-30 11:09:25,084][flwr][DEBUG] - Opened insecure gRPC connection (no certificates were passed)
[2025-09-30 11:09:25,115][flwr][DEBUG] - ChannelConnectivity.IDLE
[2025-09-30 11:09:25,116][flwr][DEBUG] - ChannelConnectivity.CONNECTING
[2025-09-30 11:09:25,120][flwr][DEBUG] - ChannelConnectivity.READY
[2025-09-30 11:14:44,680][flwr][INFO] - 
[2025-09-30 11:14:44,681][flwr][INFO] - Received: train message 58e5c588-09fe-45a5-9afa-0665f0aaa48a
[2025-09-30 11:14:44,703][client_api][INFO] - [cluster-upsert] success (task_id=cluster2, mac=43:56:51:a9:43:53, cluster_id=0)
[2025-09-30 11:15:09,608][client_fl][INFO] - train_performance - {"fl_task_id": "cluster2", "client_mac": "43:56:51:a9:43:53", "client_name": "ccl-x-server", "round": 1, "gl_model_v": 1, "train_loss": 0.12560305100689173, "train_accuracy": 0.9665104388581167, "train_f1_score": 0.9651983847896332, "val_loss": 0.13010902200704036, "val_accuracy": 0.9631776338220253, "val_f1_score": 0.9624638188991682, "train_time": 24.90222144126892, "wandb_name": "ccl-x-server-v0(2025-09-30 10:47:19.402020)", "cluster_id": 0}
[2025-09-30 11:15:09,669][flwr][INFO] - Sent reply
[2025-09-30 11:15:15,278][flwr][INFO] - 
[2025-09-30 11:15:15,279][flwr][INFO] - Received: evaluate message 8cc7f658-0b74-484d-8299-3d01881b4060
[2025-09-30 11:15:16,734][client_fl][INFO] - test - {"fl_task_id": "cluster2", "client_mac": "43:56:51:a9:43:53", "client_name": "ccl-x-server", "round": 1, "test_loss": 5.114441630206531, "test_accuracy": 0.4847, "gl_model_v": 1, "wandb_name": "ccl-x-server-v0(2025-09-30 10:47:19.402020)"}
[2025-09-30 11:15:16,748][flwr][INFO] - Sent reply
[2025-09-30 11:15:17,842][flwr][INFO] - 
[2025-09-30 11:15:17,843][flwr][INFO] - Received: train message 71e0d550-a59c-41ca-a642-8d21452f1c8e
[2025-09-30 11:15:17,863][client_api][INFO] - [cluster-upsert] success (task_id=cluster2, mac=43:56:51:a9:43:53, cluster_id=0)
[2025-09-30 11:15:34,027][client_fl][INFO] - train_performance - {"fl_task_id": "cluster2", "client_mac": "43:56:51:a9:43:53", "client_name": "ccl-x-server", "round": 2, "gl_model_v": 1, "train_loss": 0.08062034313206388, "train_accuracy": 0.9769066893907116, "train_f1_score": 0.9755965410856835, "val_loss": 0.08961956818466602, "val_accuracy": 0.9727241732015002, "val_f1_score": 0.9720375487433826, "train_time": 16.160831689834595, "wandb_name": "ccl-x-server-v0(2025-09-30 10:47:19.402020)", "cluster_id": 0}
[2025-09-30 11:15:34,065][flwr][INFO] - Sent reply
[2025-09-30 11:15:39,722][flwr][INFO] - 
[2025-09-30 11:15:39,723][flwr][INFO] - Received: evaluate message 276cb2c5-8968-41bd-a903-2f2b97661e25
[2025-09-30 11:15:41,185][client_fl][INFO] - test - {"fl_task_id": "cluster2", "client_mac": "43:56:51:a9:43:53", "client_name": "ccl-x-server", "round": 2, "test_loss": 6.924108583715897, "test_accuracy": 0.4959, "gl_model_v": 1, "wandb_name": "ccl-x-server-v0(2025-09-30 10:47:19.402020)"}
[2025-09-30 11:15:41,196][flwr][INFO] - Sent reply
[2025-09-30 11:15:41,614][flwr][INFO] - 
[2025-09-30 11:15:41,614][flwr][INFO] - Received: reconnect message f9f689a6-a570-4aed-9b53-b54d7866ba36
[2025-09-30 11:15:41,629][flwr][DEBUG] - gRPC channel closed
[2025-09-30 11:15:41,630][flwr][INFO] - Disconnect and shut down
[2025-09-30 11:15:41,630][root][INFO] - fl learning finished
[2025-09-30 11:15:43,257][root][ERROR] - wandb system load error: Could not find project MNIST_cluster2
[2025-09-30 11:15:43,257][root][INFO] - client_operation_time - {"fl_task_id": "cluster2", "client_mac": "43:56:51:a9:43:53", "client_name": "ccl-x-server", "operation_time": 376.55170917510986, "gl_model_v": 1}
[2025-09-30 11:15:43,270][root][INFO] - try notify_fin
[2025-09-30 11:15:43,284][root][INFO] - trainFin
[2025-09-30 11:15:43,284][root][INFO] - FL Client Learning Finish
[2025-09-30 11:21:01,080][root][INFO] - ccl-x-server;43:56:51:a9:43:53-client close
