[2025-09-12 12:06:21,999][root][ERROR] - No read global model
[2025-09-12 12:06:22,000][root][INFO] - gl_model: None, gl_model_v: 0
[2025-09-12 12:06:22,051][root][INFO] - last_gl_model_v: 0
[2025-09-12 12:06:22,052][root][INFO] - init global model making
[2025-09-12 12:06:22,456][flwr][WARNING] - DEPRECATED FEATURE: flwr.server.start_server() is deprecated.
	Instead, use the `flower-superlink` CLI command to start a SuperLink as shown below:

		$ flower-superlink --insecure

	To view usage and all available options, run:

		$ flower-superlink --help

	Using `start_server()` is deprecated.

            This is a deprecated feature. It will be removed
            entirely in future versions of Flower.
        
[2025-09-12 12:06:22,612][flwr][INFO] - Starting Flower server, config: num_rounds=20, no round_timeout
[2025-09-12 12:06:22,659][flwr][INFO] - Flower ECE: gRPC server running (20 rounds), SSL is disabled
[2025-09-12 12:06:22,659][flwr][INFO] - [INIT]
[2025-09-12 12:06:22,659][flwr][INFO] - Using initial global parameters provided by strategy
[2025-09-12 12:06:22,659][flwr][INFO] - Starting evaluation of initial global parameters
[2025-09-12 12:06:32,283][flwr][INFO] - initial parameters (loss, other metrics): 2.3047776312767705, {'accuracy': 0.1213, 'f1_score': 0.039592107647857755}
[2025-09-12 12:06:32,284][flwr][INFO] - 
[2025-09-12 12:06:32,284][flwr][INFO] - [ROUND 1]
[2025-09-12 12:06:32,285][root][INFO] - server start by round
[2025-09-12 12:08:59,929][flwr][INFO] - Flower server terminated gracefully.
[2025-09-12 12:08:59,930][root][INFO] - server close
[2025-09-12 12:08:59,940][root][INFO] - global model version upgrade
