[2025-09-24 19:09:47,930][root][INFO] - FL_Task - {"dataset": "MNIST", "start_execution_time": "2025-09-24 19:09:47"}
[2025-09-24 19:09:48,263][__main__][INFO] - data loaded
[2025-09-24 19:09:48,434][root][INFO] - init model_type: Pytorch
[2025-09-24 19:12:48,581][root][INFO] - bulid model
[2025-09-24 19:12:48,581][root][INFO] - FL start
[2025-09-24 19:12:48,593][client_api][INFO] - FL_server_IP:port - ccl.gachon.ac.kr:40025
[2025-09-24 19:12:48,594][root][INFO] - FL learning ready
[2025-09-24 19:12:48,594][root][INFO] - fl_task_id: clustertest
[2025-09-24 19:12:48,594][root][INFO] - dataset: MNIST
[2025-09-24 19:12:48,594][root][INFO] - output_size: 10
[2025-09-24 19:12:48,594][root][INFO] - validation_split: 0.2
[2025-09-24 19:12:48,594][root][INFO] - model_type: Pytorch
[2025-09-24 19:12:48,594][root][INFO] - wandb_key: 38f6cf3c2c37660d42ebfe8ab434b72d34be3b31
[2025-09-24 19:12:48,594][root][INFO] - wandb_account: rirakang@gachon.ac.kr
[2025-09-24 19:12:52,901][flwr][WARNING] - DEPRECATED FEATURE: flwr.client.start_numpy_client() is deprecated. 
	Instead, use `flwr.client.start_client()` by ensuring you first call the `.to_client()` method as shown below: 
	flwr.client.start_client(
		server_address='<IP>:<PORT>',
		client=FlowerClient().to_client(), # <-- where FlowerClient is of type flwr.client.NumPyClient object
	)
	Using `start_numpy_client()` is deprecated.

            This is a deprecated feature. It will be removed
            entirely in future versions of Flower.
        
[2025-09-24 19:12:52,933][flwr][WARNING] - DEPRECATED FEATURE: flwr.client.start_client() is deprecated.
	Instead, use the `flower-supernode` CLI command to start a SuperNode as shown below:

		$ flower-supernode --insecure --superlink='<IP>:<PORT>'

	To view all available options, run:

		$ flower-supernode --help

	Using `start_client()` is deprecated.

            This is a deprecated feature. It will be removed
            entirely in future versions of Flower.
        
[2025-09-24 19:12:52,972][flwr][DEBUG] - Opened insecure gRPC connection (no certificates were passed)
[2025-09-24 19:12:52,987][flwr][DEBUG] - ChannelConnectivity.IDLE
[2025-09-24 19:12:52,988][flwr][DEBUG] - ChannelConnectivity.READY
[2025-09-24 19:12:53,536][flwr][INFO] - 
[2025-09-24 19:12:53,536][flwr][INFO] - Received: train message f2708853-8b9f-4290-8f6a-54380f9e2142
[2025-09-24 19:13:46,429][client_fl][INFO] - train_performance - {"fl_task_id": "clustertest", "client_mac": "43:56:51:a9:43:53", "client_name": "ccl-x-server", "round": 1, "gl_model_v": 1, "train_loss": 0.4453324496957427, "train_accuracy": 0.8918333333333334, "train_f1_score": 0.8919267589376674, "val_loss": 0.44523864667466345, "val_accuracy": 0.8925833333333333, "val_f1_score": 0.892571875977697, "train_time": 52.85601186752319, "wandb_name": "ccl-x-server-v0(2025-09-24 19:09:48.437519)", "cluster_id": 0}
[2025-09-24 19:13:46,564][flwr][INFO] - Sent reply
[2025-09-24 19:13:50,347][flwr][INFO] - 
[2025-09-24 19:13:50,348][flwr][INFO] - Received: evaluate message fde0523a-038d-4faa-bc97-5362e53b12d6
[2025-09-24 19:13:58,823][client_fl][INFO] - test - {"fl_task_id": "clustertest", "client_mac": "43:56:51:a9:43:53", "client_name": "ccl-x-server", "round": 1, "test_loss": 0.46028141423742824, "test_accuracy": 0.8874166666666666, "gl_model_v": 1, "wandb_name": "ccl-x-server-v0(2025-09-24 19:09:48.437519)", "cluster_id": 0}
[2025-09-24 19:13:58,860][flwr][INFO] - Sent reply
[2025-09-24 19:13:59,294][flwr][INFO] - 
[2025-09-24 19:13:59,295][flwr][INFO] - Received: train message 8dd8986e-f537-4580-afda-3651fac27458
[2025-09-24 19:15:58,533][client_fl][INFO] - train_performance - {"fl_task_id": "clustertest", "client_mac": "43:56:51:a9:43:53", "client_name": "ccl-x-server", "round": 2, "gl_model_v": 1, "train_loss": 0.041503592465297445, "train_accuracy": 0.9873333333333333, "train_f1_score": 0.9873232824989686, "val_loss": 0.05181150152248905, "val_accuracy": 0.9835, "val_f1_score": 0.9834856935467078, "train_time": 119.22221612930298, "wandb_name": "ccl-x-server-v0(2025-09-24 19:09:48.437519)", "cluster_id": 0}
[2025-09-24 19:15:58,757][flwr][INFO] - Sent reply
[2025-09-24 19:16:02,420][flwr][INFO] - 
[2025-09-24 19:16:02,421][flwr][INFO] - Received: evaluate message e5e8deda-7f31-4e85-bb8d-6bd01134d99f
[2025-09-24 19:16:11,730][client_fl][INFO] - test - {"fl_task_id": "clustertest", "client_mac": "43:56:51:a9:43:53", "client_name": "ccl-x-server", "round": 2, "test_loss": 0.05817521285226054, "test_accuracy": 0.9826666666666667, "gl_model_v": 1, "wandb_name": "ccl-x-server-v0(2025-09-24 19:09:48.437519)", "cluster_id": 0}
[2025-09-24 19:16:11,744][flwr][INFO] - Sent reply
[2025-09-24 19:16:12,226][flwr][INFO] - 
[2025-09-24 19:16:12,227][flwr][INFO] - Received: train message d936c0c5-f3d8-49b7-bfa5-2fa45bd686bc
[2025-09-24 19:17:56,495][client_fl][INFO] - train_performance - {"fl_task_id": "clustertest", "client_mac": "43:56:51:a9:43:53", "client_name": "ccl-x-server", "round": 3, "gl_model_v": 1, "train_loss": 0.030565530144609512, "train_accuracy": 0.9908888888888889, "train_f1_score": 0.9908907391804088, "val_loss": 0.04344585995150215, "val_accuracy": 0.9871666666666666, "val_f1_score": 0.9871633527399649, "train_time": 104.2576334476471, "wandb_name": "ccl-x-server-v0(2025-09-24 19:09:48.437519)", "cluster_id": 10000}
[2025-09-24 19:17:56,635][flwr][INFO] - Sent reply
[2025-09-24 19:18:00,313][flwr][INFO] - 
[2025-09-24 19:18:00,313][flwr][INFO] - Received: evaluate message 5fd45fa1-9c97-43b2-b809-75677f523982
[2025-09-24 19:18:08,867][client_fl][INFO] - test - {"fl_task_id": "clustertest", "client_mac": "43:56:51:a9:43:53", "client_name": "ccl-x-server", "round": 3, "test_loss": 0.04751658255353253, "test_accuracy": 0.9860833333333333, "gl_model_v": 1, "wandb_name": "ccl-x-server-v0(2025-09-24 19:09:48.437519)", "cluster_id": 0}
[2025-09-24 19:18:08,915][flwr][INFO] - Sent reply
[2025-09-24 19:18:09,383][flwr][INFO] - 
[2025-09-24 19:18:09,383][flwr][INFO] - Received: train message 0a40c412-58aa-48d5-879b-502d56449b46
