[2025-09-26 13:53:06,371][root][INFO] - FL_Task - {"dataset": "MNIST", "start_execution_time": "2025-09-26 13:53:06"}
[2025-09-26 13:53:06,897][__main__][INFO] - data loaded
[2025-09-26 13:53:06,959][__main__][INFO] - Latest Local Model download
[2025-09-26 13:53:06,960][root][INFO] - downloaded local_model_name: MNISTClassifier_local_model_V4.pth
[2025-09-26 13:53:07,272][root][INFO] - init model_type: Pytorch
[2025-09-26 13:56:15,189][root][INFO] - bulid model
[2025-09-26 13:56:15,189][root][INFO] - FL start
[2025-09-26 13:56:15,195][client_api][INFO] - FL_server_IP:port - ccl.gachon.ac.kr:40032
[2025-09-26 13:56:15,197][root][INFO] - FL learning ready
[2025-09-26 13:56:15,197][root][INFO] - fl_task_id: clustertest
[2025-09-26 13:56:15,197][root][INFO] - dataset: MNIST
[2025-09-26 13:56:15,197][root][INFO] - output_size: 10
[2025-09-26 13:56:15,198][root][INFO] - validation_split: 0.2
[2025-09-26 13:56:15,198][root][INFO] - model_type: Pytorch
[2025-09-26 13:56:15,199][root][INFO] - wandb_key: 38f6cf3c2c37660d42ebfe8ab434b72d34be3b31
[2025-09-26 13:56:15,199][root][INFO] - wandb_account: rirakang@gachon.ac.kr
[2025-09-26 13:56:19,142][flwr][WARNING] - DEPRECATED FEATURE: flwr.client.start_numpy_client() is deprecated. 
	Instead, use `flwr.client.start_client()` by ensuring you first call the `.to_client()` method as shown below: 
	flwr.client.start_client(
		server_address='<IP>:<PORT>',
		client=FlowerClient().to_client(), # <-- where FlowerClient is of type flwr.client.NumPyClient object
	)
	Using `start_numpy_client()` is deprecated.

            This is a deprecated feature. It will be removed
            entirely in future versions of Flower.
        
[2025-09-26 13:56:19,148][flwr][WARNING] - DEPRECATED FEATURE: flwr.client.start_client() is deprecated.
	Instead, use the `flower-supernode` CLI command to start a SuperNode as shown below:

		$ flower-supernode --insecure --superlink='<IP>:<PORT>'

	To view all available options, run:

		$ flower-supernode --help

	Using `start_client()` is deprecated.

            This is a deprecated feature. It will be removed
            entirely in future versions of Flower.
        
[2025-09-26 13:56:19,213][flwr][DEBUG] - Opened insecure gRPC connection (no certificates were passed)
[2025-09-26 13:56:19,246][flwr][DEBUG] - ChannelConnectivity.IDLE
[2025-09-26 13:56:19,248][flwr][DEBUG] - ChannelConnectivity.CONNECTING
[2025-09-26 13:56:19,442][flwr][DEBUG] - ChannelConnectivity.READY
[2025-09-26 13:56:19,879][flwr][INFO] - 
[2025-09-26 13:56:19,880][flwr][INFO] - Received: train message d69ad0b0-942f-45b5-bc23-9fbf0129e47a
[2025-09-26 13:57:25,888][client_fl][INFO] - train_performance - {"fl_task_id": "clustertest", "client_mac": "43:56:51:a9:43:53", "client_name": "ccl-x-server", "round": 1, "gl_model_v": 5, "train_loss": 0.00040421512806376817, "train_accuracy": 0.9999722222222223, "train_f1_score": 0.9999722223738108, "val_loss": 0.037543561167540054, "val_accuracy": 0.9919166666666667, "val_f1_score": 0.991912793073775, "train_time": 65.97160267829895, "wandb_name": "ccl-x-server-v0(2025-09-26 13:53:07.274421)", "cluster_id": 0}
[2025-09-26 13:57:26,081][flwr][INFO] - Sent reply
[2025-09-26 13:57:29,872][flwr][INFO] - 
[2025-09-26 13:57:29,872][flwr][INFO] - Received: evaluate message 37a8785e-d86e-4476-9c35-5ff9996d2a50
[2025-09-26 13:57:38,327][client_fl][INFO] - test - {"fl_task_id": "clustertest", "client_mac": "43:56:51:a9:43:53", "client_name": "ccl-x-server", "round": 1, "test_loss": 0.04249103350911297, "test_accuracy": 0.99125, "gl_model_v": 5, "wandb_name": "ccl-x-server-v0(2025-09-26 13:53:07.274421)", "cluster_id": 0}
[2025-09-26 13:57:38,361][flwr][INFO] - Sent reply
[2025-09-26 13:58:14,471][flwr][INFO] - 
[2025-09-26 13:58:14,471][flwr][INFO] - Received: reconnect message 68e6a1bf-105e-45ca-8a74-8e2fca5753d5
[2025-09-26 13:58:14,477][flwr][DEBUG] - gRPC channel closed
[2025-09-26 13:58:14,477][flwr][INFO] - Disconnect and shut down
[2025-09-26 13:58:14,478][root][INFO] - fl learning finished
[2025-09-26 13:58:16,566][root][ERROR] - wandb system load error: Could not find project MNIST_clustertest
[2025-09-26 13:58:16,566][root][INFO] - client_operation_time - {"fl_task_id": "clustertest", "client_mac": "43:56:51:a9:43:53", "client_name": "ccl-x-server", "operation_time": 115.34109711647034, "gl_model_v": 5}
[2025-09-26 13:58:16,576][root][INFO] - try notify_fin
[2025-09-26 13:58:16,589][root][INFO] - trainFin
[2025-09-26 13:58:16,589][root][INFO] - FL Client Learning Finish
[2025-09-26 14:36:00,617][root][INFO] - bulid model
[2025-09-26 14:36:00,617][root][INFO] - FL start
[2025-09-26 14:36:00,623][client_api][INFO] - FL_server_IP:port - ccl.gachon.ac.kr:40032
[2025-09-26 14:36:00,624][root][INFO] - FL learning ready
[2025-09-26 14:36:00,624][root][INFO] - fl_task_id: clustertest
[2025-09-26 14:36:00,624][root][INFO] - dataset: MNIST
[2025-09-26 14:36:00,624][root][INFO] - output_size: 10
[2025-09-26 14:36:00,625][root][INFO] - validation_split: 0.2
[2025-09-26 14:36:00,625][root][INFO] - model_type: Pytorch
[2025-09-26 14:36:00,625][root][INFO] - wandb_key: 38f6cf3c2c37660d42ebfe8ab434b72d34be3b31
[2025-09-26 14:36:00,625][root][INFO] - wandb_account: rirakang@gachon.ac.kr
[2025-09-26 14:36:02,383][flwr][WARNING] - DEPRECATED FEATURE: flwr.client.start_numpy_client() is deprecated. 
	Instead, use `flwr.client.start_client()` by ensuring you first call the `.to_client()` method as shown below: 
	flwr.client.start_client(
		server_address='<IP>:<PORT>',
		client=FlowerClient().to_client(), # <-- where FlowerClient is of type flwr.client.NumPyClient object
	)
	Using `start_numpy_client()` is deprecated.

            This is a deprecated feature. It will be removed
            entirely in future versions of Flower.
        
[2025-09-26 14:36:02,384][flwr][WARNING] - DEPRECATED FEATURE: flwr.client.start_client() is deprecated.
	Instead, use the `flower-supernode` CLI command to start a SuperNode as shown below:

		$ flower-supernode --insecure --superlink='<IP>:<PORT>'

	To view all available options, run:

		$ flower-supernode --help

	Using `start_client()` is deprecated.

            This is a deprecated feature. It will be removed
            entirely in future versions of Flower.
        
